{"/home/matt/Programming/board-game-engine/src/index.ts": {"path":"/home/matt/Programming/board-game-engine/src/index.ts","statementMap":{},"fnMap":{},"branchMap":{},"s":{},"f":{},"b":{},"_coverageSchema":"1a1c01bbd47fc00a2c39e90264f33305004495a9","hash":"9c4c9de6a6451425f5722831bb4939f4e618ffbe"}
,"/home/matt/Programming/board-game-engine/src/registry.ts": {"path":"/home/matt/Programming/board-game-engine/src/registry.ts","statementMap":{"0":{"start":{"line":26,"column":24},"end":{"line":51,"column":1}}},"fnMap":{},"branchMap":{},"s":{"0":1},"f":{},"b":{},"_coverageSchema":"1a1c01bbd47fc00a2c39e90264f33305004495a9","hash":"6ae122740ca301e02b5bdb8829729582dae49c6a"}
,"/home/matt/Programming/board-game-engine/src/action/action-factory.js": {"path":"/home/matt/Programming/board-game-engine/src/action/action-factory.js","statementMap":{"0":{"start":{"line":6,"column":2},"end":{"line":12,"column":3}},"1":{"start":{"line":7,"column":4},"end":{"line":7,"column":52}},"2":{"start":{"line":8,"column":9},"end":{"line":12,"column":3}},"3":{"start":{"line":9,"column":4},"end":{"line":9,"column":47}},"4":{"start":{"line":10,"column":9},"end":{"line":12,"column":3}},"5":{"start":{"line":11,"column":4},"end":{"line":11,"column":54}}},"fnMap":{"0":{"name":"actionFactory","decl":{"start":{"line":5,"column":24},"end":{"line":5,"column":37}},"loc":{"start":{"line":5,"column":59},"end":{"line":13,"column":1}},"line":5}},"branchMap":{"0":{"loc":{"start":{"line":6,"column":2},"end":{"line":12,"column":3}},"type":"if","locations":[{"start":{"line":6,"column":2},"end":{"line":12,"column":3}},{"start":{"line":8,"column":9},"end":{"line":12,"column":3}}],"line":6},"1":{"loc":{"start":{"line":8,"column":9},"end":{"line":12,"column":3}},"type":"if","locations":[{"start":{"line":8,"column":9},"end":{"line":12,"column":3}},{"start":{"line":10,"column":9},"end":{"line":12,"column":3}}],"line":8},"2":{"loc":{"start":{"line":10,"column":9},"end":{"line":12,"column":3}},"type":"if","locations":[{"start":{"line":10,"column":9},"end":{"line":12,"column":3}},{"start":{},"end":{}}],"line":10}},"s":{"0":2,"1":2,"2":0,"3":0,"4":0,"5":0},"f":{"0":2},"b":{"0":[2,0],"1":[0,0],"2":[0,0]},"_coverageSchema":"1a1c01bbd47fc00a2c39e90264f33305004495a9","hash":"18762e05244bd660d27f80362b895b028f002ada"}
,"/home/matt/Programming/board-game-engine/src/action/action.js": {"path":"/home/matt/Programming/board-game-engine/src/action/action.js","statementMap":{"0":{"start":{"line":5,"column":4},"end":{"line":5,"column":20}},"1":{"start":{"line":6,"column":4},"end":{"line":6,"column":22}},"2":{"start":{"line":7,"column":4},"end":{"line":7,"column":32}},"3":{"start":{"line":9,"column":36},"end":{"line":13,"column":5}},"4":{"start":{"line":15,"column":4},"end":{"line":18,"column":67}},"5":{"start":{"line":18,"column":29},"end":{"line":18,"column":66}},"6":{"start":{"line":22,"column":28},"end":{"line":24,"column":5}},"7":{"start":{"line":23,"column":21},"end":{"line":23,"column":52}},"8":{"start":{"line":25,"column":4},"end":{"line":30,"column":5}},"9":{"start":{"line":26,"column":6},"end":{"line":26,"column":39}},"10":{"start":{"line":27,"column":6},"end":{"line":27,"column":53}},"11":{"start":{"line":28,"column":6},"end":{"line":28,"column":49}},"12":{"start":{"line":29,"column":6},"end":{"line":29,"column":45}}},"fnMap":{"0":{"name":"(anonymous_0)","decl":{"start":{"line":4,"column":2},"end":{"line":4,"column":3}},"loc":{"start":{"line":4,"column":28},"end":{"line":19,"column":3}},"line":4},"1":{"name":"(anonymous_1)","decl":{"start":{"line":18,"column":10},"end":{"line":18,"column":11}},"loc":{"start":{"line":18,"column":29},"end":{"line":18,"column":66}},"line":18},"2":{"name":"(anonymous_2)","decl":{"start":{"line":21,"column":2},"end":{"line":21,"column":3}},"loc":{"start":{"line":21,"column":32},"end":{"line":31,"column":3}},"line":21},"3":{"name":"(anonymous_3)","decl":{"start":{"line":23,"column":6},"end":{"line":23,"column":7}},"loc":{"start":{"line":23,"column":21},"end":{"line":23,"column":52}},"line":23},"4":{"name":"(anonymous_4)","decl":{"start":{"line":33,"column":2},"end":{"line":33,"column":3}},"loc":{"start":{"line":33,"column":8},"end":{"line":33,"column":10}},"line":33}},"branchMap":{"0":{"loc":{"start":{"line":17,"column":10},"end":{"line":17,"column":37}},"type":"binary-expr","locations":[{"start":{"line":17,"column":10},"end":{"line":17,"column":31}},{"start":{"line":17,"column":35},"end":{"line":17,"column":37}}],"line":17},"1":{"loc":{"start":{"line":25,"column":4},"end":{"line":30,"column":5}},"type":"if","locations":[{"start":{"line":25,"column":4},"end":{"line":30,"column":5}},{"start":{},"end":{}}],"line":25}},"s":{"0":2,"1":2,"2":2,"3":2,"4":2,"5":8,"6":1,"7":4,"8":1,"9":0,"10":0,"11":0,"12":0},"f":{"0":2,"1":8,"2":1,"3":4,"4":0},"b":{"0":[2,0],"1":[0,1]},"_coverageSchema":"1a1c01bbd47fc00a2c39e90264f33305004495a9","hash":"16dd3de4095e4836b436f160a56c862eba6642ac"}
,"/home/matt/Programming/board-game-engine/src/action/move-piece-action.js": {"path":"/home/matt/Programming/board-game-engine/src/action/move-piece-action.js","statementMap":{"0":{"start":{"line":7,"column":18},"end":{"line":7,"column":62}},"1":{"start":{"line":8,"column":18},"end":{"line":8,"column":62}},"2":{"start":{"line":9,"column":4},"end":{"line":9,"column":50}}},"fnMap":{"0":{"name":"(anonymous_0)","decl":{"start":{"line":6,"column":2},"end":{"line":6,"column":3}},"loc":{"start":{"line":6,"column":20},"end":{"line":10,"column":3}},"line":6}},"branchMap":{},"s":{"0":1,"1":1,"2":1},"f":{"0":1},"b":{},"_coverageSchema":"1a1c01bbd47fc00a2c39e90264f33305004495a9","hash":"92c7555d401317d87c798d78b4b8516f1dcbf2d9"}
,"/home/matt/Programming/board-game-engine/src/action/select-piece-action.js": {"path":"/home/matt/Programming/board-game-engine/src/action/select-piece-action.js","statementMap":{"0":{"start":{"line":5,"column":4},"end":{"line":5,"column":31}},"1":{"start":{"line":9,"column":4},"end":{"line":18,"column":5}},"2":{"start":{"line":10,"column":6},"end":{"line":12,"column":9}},"3":{"start":{"line":13,"column":11},"end":{"line":18,"column":5}},"4":{"start":{"line":14,"column":6},"end":{"line":17,"column":18}},"5":{"start":{"line":15,"column":26},"end":{"line":15,"column":62}},"6":{"start":{"line":16,"column":32},"end":{"line":16,"column":71}},"7":{"start":{"line":19,"column":4},"end":{"line":19,"column":44}}},"fnMap":{"0":{"name":"(anonymous_0)","decl":{"start":{"line":4,"column":2},"end":{"line":4,"column":3}},"loc":{"start":{"line":4,"column":35},"end":{"line":6,"column":3}},"line":4},"1":{"name":"(anonymous_1)","decl":{"start":{"line":7,"column":2},"end":{"line":7,"column":3}},"loc":{"start":{"line":7,"column":20},"end":{"line":22,"column":3}},"line":7},"2":{"name":"(anonymous_2)","decl":{"start":{"line":15,"column":14},"end":{"line":15,"column":15}},"loc":{"start":{"line":15,"column":26},"end":{"line":15,"column":62}},"line":15},"3":{"name":"(anonymous_3)","decl":{"start":{"line":16,"column":21},"end":{"line":16,"column":22}},"loc":{"start":{"line":16,"column":32},"end":{"line":16,"column":71}},"line":16}},"branchMap":{"0":{"loc":{"start":{"line":9,"column":4},"end":{"line":18,"column":5}},"type":"if","locations":[{"start":{"line":9,"column":4},"end":{"line":18,"column":5}},{"start":{"line":13,"column":11},"end":{"line":18,"column":5}}],"line":9},"1":{"loc":{"start":{"line":13,"column":11},"end":{"line":18,"column":5}},"type":"if","locations":[{"start":{"line":13,"column":11},"end":{"line":18,"column":5}},{"start":{},"end":{}}],"line":13}},"s":{"0":0,"1":0,"2":0,"3":0,"4":0,"5":0,"6":0,"7":0},"f":{"0":0,"1":0,"2":0,"3":0},"b":{"0":[0,0],"1":[0,0]},"_coverageSchema":"1a1c01bbd47fc00a2c39e90264f33305004495a9","hash":"93aa9d3006c793296c0272670eced4fb2f55629e"}
,"/home/matt/Programming/board-game-engine/src/action/swap-action.js": {"path":"/home/matt/Programming/board-game-engine/src/action/swap-action.js","statementMap":{"0":{"start":{"line":6,"column":4},"end":{"line":11,"column":5}},"1":{"start":{"line":7,"column":6},"end":{"line":10,"column":18}},"2":{"start":{"line":8,"column":26},"end":{"line":8,"column":62}},"3":{"start":{"line":9,"column":32},"end":{"line":9,"column":71}},"4":{"start":{"line":12,"column":4},"end":{"line":12,"column":79}}},"fnMap":{"0":{"name":"(anonymous_0)","decl":{"start":{"line":4,"column":2},"end":{"line":4,"column":3}},"loc":{"start":{"line":4,"column":20},"end":{"line":13,"column":3}},"line":4},"1":{"name":"(anonymous_1)","decl":{"start":{"line":8,"column":14},"end":{"line":8,"column":15}},"loc":{"start":{"line":8,"column":26},"end":{"line":8,"column":62}},"line":8},"2":{"name":"(anonymous_2)","decl":{"start":{"line":9,"column":21},"end":{"line":9,"column":22}},"loc":{"start":{"line":9,"column":32},"end":{"line":9,"column":71}},"line":9}},"branchMap":{"0":{"loc":{"start":{"line":6,"column":4},"end":{"line":11,"column":5}},"type":"if","locations":[{"start":{"line":6,"column":4},"end":{"line":11,"column":5}},{"start":{},"end":{}}],"line":6}},"s":{"0":0,"1":0,"2":0,"3":0,"4":0},"f":{"0":0,"1":0,"2":0},"b":{"0":[0,0]},"_coverageSchema":"1a1c01bbd47fc00a2c39e90264f33305004495a9","hash":"3b532895f31dd6c356eb61f1e41e99ce5720d0b0"}
,"/home/matt/Programming/board-game-engine/src/board/board-factory.js": {"path":"/home/matt/Programming/board-game-engine/src/board/board-factory.js","statementMap":{"0":{"start":{"line":5,"column":2},"end":{"line":11,"column":3}},"1":{"start":{"line":6,"column":4},"end":{"line":6,"column":40}},"2":{"start":{"line":7,"column":9},"end":{"line":11,"column":3}},"3":{"start":{"line":8,"column":4},"end":{"line":8,"column":41}},"4":{"start":{"line":10,"column":4},"end":{"line":10,"column":50}}},"fnMap":{"0":{"name":"boardFactory","decl":{"start":{"line":4,"column":24},"end":{"line":4,"column":36}},"loc":{"start":{"line":4,"column":57},"end":{"line":12,"column":1}},"line":4}},"branchMap":{"0":{"loc":{"start":{"line":5,"column":2},"end":{"line":11,"column":3}},"type":"if","locations":[{"start":{"line":5,"column":2},"end":{"line":11,"column":3}},{"start":{"line":7,"column":9},"end":{"line":11,"column":3}}],"line":5},"1":{"loc":{"start":{"line":7,"column":9},"end":{"line":11,"column":3}},"type":"if","locations":[{"start":{"line":7,"column":9},"end":{"line":11,"column":3}},{"start":{"line":9,"column":9},"end":{"line":11,"column":3}}],"line":7}},"s":{"0":2,"1":2,"2":0,"3":0,"4":0},"f":{"0":2},"b":{"0":[2,0],"1":[0,0]},"_coverageSchema":"1a1c01bbd47fc00a2c39e90264f33305004495a9","hash":"ef0e8904b3390d73d27c1883b664f9ac731a40b5"}
,"/home/matt/Programming/board-game-engine/src/board/board-group.js": {"path":"/home/matt/Programming/board-game-engine/src/board/board-group.js","statementMap":{"0":{"start":{"line":5,"column":4},"end":{"line":7,"column":6}},"1":{"start":{"line":6,"column":6},"end":{"line":6,"column":39}}},"fnMap":{"0":{"name":"(anonymous_0)","decl":{"start":{"line":4,"column":2},"end":{"line":4,"column":3}},"loc":{"start":{"line":4,"column":34},"end":{"line":8,"column":3}},"line":4},"1":{"name":"(anonymous_1)","decl":{"start":{"line":5,"column":43},"end":{"line":5,"column":44}},"loc":{"start":{"line":6,"column":6},"end":{"line":6,"column":39}},"line":6}},"branchMap":{},"s":{"0":0,"1":0},"f":{"0":0,"1":0},"b":{},"_coverageSchema":"1a1c01bbd47fc00a2c39e90264f33305004495a9","hash":"aa931aa4adb70ecac1139bcbc148ad45c6c3535b"}
,"/home/matt/Programming/board-game-engine/src/board/board.js": {"path":"/home/matt/Programming/board-game-engine/src/board/board.js","statementMap":{"0":{"start":{"line":3,"column":4},"end":{"line":3,"column":25}},"1":{"start":{"line":4,"column":4},"end":{"line":4,"column":32}},"2":{"start":{"line":5,"column":4},"end":{"line":7,"column":5}},"3":{"start":{"line":6,"column":6},"end":{"line":6,"column":34}}},"fnMap":{"0":{"name":"(anonymous_0)","decl":{"start":{"line":2,"column":2},"end":{"line":2,"column":3}},"loc":{"start":{"line":2,"column":40},"end":{"line":8,"column":3}},"line":2},"1":{"name":"(anonymous_1)","decl":{"start":{"line":10,"column":2},"end":{"line":10,"column":3}},"loc":{"start":{"line":10,"column":29},"end":{"line":10,"column":31}},"line":10}},"branchMap":{"0":{"loc":{"start":{"line":2,"column":26},"end":{"line":2,"column":38}},"type":"default-arg","locations":[{"start":{"line":2,"column":36},"end":{"line":2,"column":38}}],"line":2},"1":{"loc":{"start":{"line":5,"column":4},"end":{"line":7,"column":5}},"type":"if","locations":[{"start":{"line":5,"column":4},"end":{"line":7,"column":5}},{"start":{},"end":{}}],"line":5}},"s":{"0":2,"1":2,"2":2,"3":0},"f":{"0":2,"1":0},"b":{"0":[2],"1":[0,2]},"_coverageSchema":"1a1c01bbd47fc00a2c39e90264f33305004495a9","hash":"0aec1ccc3d9424c47d7d88f23e4d0f6ea5c26e86"}
,"/home/matt/Programming/board-game-engine/src/board/grid.js": {"path":"/home/matt/Programming/board-game-engine/src/board/grid.js","statementMap":{"0":{"start":{"line":7,"column":4},"end":{"line":7,"column":30}},"1":{"start":{"line":8,"column":4},"end":{"line":8,"column":36}},"2":{"start":{"line":12,"column":24},"end":{"line":12,"column":26}},"3":{"start":{"line":13,"column":4},"end":{"line":19,"column":5}},"4":{"start":{"line":14,"column":6},"end":{"line":18,"column":7}},"5":{"start":{"line":15,"column":8},"end":{"line":17,"column":9}},"6":{"start":{"line":16,"column":10},"end":{"line":16,"column":34}},"7":{"start":{"line":20,"column":4},"end":{"line":20,"column":23}},"8":{"start":{"line":24,"column":4},"end":{"line":24,"column":34}},"9":{"start":{"line":28,"column":4},"end":{"line":28,"column":40}},"10":{"start":{"line":32,"column":4},"end":{"line":32,"column":44}},"11":{"start":{"line":37,"column":12},"end":{"line":37,"column":27}},"12":{"start":{"line":38,"column":12},"end":{"line":38,"column":28}},"13":{"start":{"line":39,"column":2},"end":{"line":41,"column":3}},"14":{"start":{"line":40,"column":4},"end":{"line":40,"column":49}},"15":{"start":{"line":43,"column":15},"end":{"line":43,"column":17}},"16":{"start":{"line":44,"column":2},"end":{"line":50,"column":3}},"17":{"start":{"line":44,"column":15},"end":{"line":44,"column":16}},"18":{"start":{"line":45,"column":16},"end":{"line":45,"column":18}},"19":{"start":{"line":46,"column":4},"end":{"line":48,"column":5}},"20":{"start":{"line":46,"column":17},"end":{"line":46,"column":18}},"21":{"start":{"line":47,"column":6},"end":{"line":47,"column":34}},"22":{"start":{"line":49,"column":4},"end":{"line":49,"column":19}},"23":{"start":{"line":51,"column":2},"end":{"line":51,"column":14}}},"fnMap":{"0":{"name":"(anonymous_0)","decl":{"start":{"line":6,"column":2},"end":{"line":6,"column":3}},"loc":{"start":{"line":6,"column":34},"end":{"line":9,"column":3}},"line":6},"1":{"name":"(anonymous_1)","decl":{"start":{"line":11,"column":2},"end":{"line":11,"column":3}},"loc":{"start":{"line":11,"column":19},"end":{"line":21,"column":3}},"line":11},"2":{"name":"(anonymous_2)","decl":{"start":{"line":23,"column":2},"end":{"line":23,"column":3}},"loc":{"start":{"line":23,"column":19},"end":{"line":25,"column":3}},"line":23},"3":{"name":"(anonymous_3)","decl":{"start":{"line":27,"column":2},"end":{"line":27,"column":3}},"loc":{"start":{"line":27,"column":20},"end":{"line":29,"column":3}},"line":27},"4":{"name":"(anonymous_4)","decl":{"start":{"line":31,"column":2},"end":{"line":31,"column":3}},"loc":{"start":{"line":31,"column":28},"end":{"line":33,"column":3}},"line":31},"5":{"name":"makeGrid","decl":{"start":{"line":36,"column":9},"end":{"line":36,"column":17}},"loc":{"start":{"line":36,"column":29},"end":{"line":52,"column":1}},"line":36}},"branchMap":{"0":{"loc":{"start":{"line":15,"column":8},"end":{"line":17,"column":9}},"type":"if","locations":[{"start":{"line":15,"column":8},"end":{"line":17,"column":9}},{"start":{},"end":{}}],"line":15},"1":{"loc":{"start":{"line":39,"column":2},"end":{"line":41,"column":3}},"type":"if","locations":[{"start":{"line":39,"column":2},"end":{"line":41,"column":3}},{"start":{},"end":{}}],"line":39},"2":{"loc":{"start":{"line":39,"column":6},"end":{"line":39,"column":14}},"type":"binary-expr","locations":[{"start":{"line":39,"column":6},"end":{"line":39,"column":8}},{"start":{"line":39,"column":12},"end":{"line":39,"column":14}}],"line":39}},"s":{"0":2,"1":2,"2":0,"3":0,"4":0,"5":0,"6":0,"7":0,"8":2,"9":1,"10":1,"11":2,"12":2,"13":2,"14":0,"15":2,"16":2,"17":2,"18":6,"19":6,"20":6,"21":18,"22":6,"23":2},"f":{"0":2,"1":0,"2":2,"3":1,"4":1,"5":2},"b":{"0":[0,0],"1":[0,2],"2":[2,2]},"_coverageSchema":"1a1c01bbd47fc00a2c39e90264f33305004495a9","hash":"a24274b9c6d72a38e3cc35400fa6263fb070d8aa"}
,"/home/matt/Programming/board-game-engine/src/board/stack.js": {"path":"/home/matt/Programming/board-game-engine/src/board/stack.js","statementMap":{"0":{"start":{"line":5,"column":4},"end":{"line":5,"column":30}},"1":{"start":{"line":6,"column":4},"end":{"line":6,"column":20}},"2":{"start":{"line":10,"column":4},"end":{"line":14,"column":5}},"3":{"start":{"line":13,"column":6},"end":{"line":13,"column":29}}},"fnMap":{"0":{"name":"(anonymous_0)","decl":{"start":{"line":4,"column":2},"end":{"line":4,"column":3}},"loc":{"start":{"line":4,"column":34},"end":{"line":7,"column":3}},"line":4},"1":{"name":"(anonymous_1)","decl":{"start":{"line":9,"column":2},"end":{"line":9,"column":3}},"loc":{"start":{"line":9,"column":28},"end":{"line":15,"column":3}},"line":9}},"branchMap":{"0":{"loc":{"start":{"line":10,"column":4},"end":{"line":14,"column":5}},"type":"if","locations":[{"start":{"line":10,"column":4},"end":{"line":14,"column":5}},{"start":{"line":12,"column":11},"end":{"line":14,"column":5}}],"line":10}},"s":{"0":0,"1":0,"2":0,"3":0},"f":{"0":0,"1":0},"b":{"0":[0,0]},"_coverageSchema":"1a1c01bbd47fc00a2c39e90264f33305004495a9","hash":"e148980eed89279a432c1a318ffb27bcb6fd327d"}
,"/home/matt/Programming/board-game-engine/src/condition/action-type-matches-condition.js": {"path":"/home/matt/Programming/board-game-engine/src/condition/action-type-matches-condition.js","statementMap":{"0":{"start":{"line":5,"column":4},"end":{"line":5,"column":68}}},"fnMap":{"0":{"name":"(anonymous_0)","decl":{"start":{"line":4,"column":2},"end":{"line":4,"column":3}},"loc":{"start":{"line":4,"column":23},"end":{"line":6,"column":3}},"line":4}},"branchMap":{},"s":{"0":1},"f":{"0":1},"b":{},"_coverageSchema":"1a1c01bbd47fc00a2c39e90264f33305004495a9","hash":"baf156c24aa9c23624e42e06271e15ff51538de9"}
,"/home/matt/Programming/board-game-engine/src/condition/bingo-condition.js": {"path":"/home/matt/Programming/board-game-engine/src/condition/bingo-condition.js","statementMap":{"0":{"start":{"line":6,"column":17},"end":{"line":6,"column":67}},"1":{"start":{"line":9,"column":17},"end":{"line":9,"column":28}},"2":{"start":{"line":12,"column":4},"end":{"line":16,"column":5}},"3":{"start":{"line":12,"column":17},"end":{"line":12,"column":18}},"4":{"start":{"line":13,"column":6},"end":{"line":15,"column":7}},"5":{"start":{"line":14,"column":8},"end":{"line":14,"column":20}},"6":{"start":{"line":19,"column":4},"end":{"line":27,"column":5}},"7":{"start":{"line":19,"column":17},"end":{"line":19,"column":18}},"8":{"start":{"line":20,"column":21},"end":{"line":20,"column":23}},"9":{"start":{"line":21,"column":6},"end":{"line":23,"column":7}},"10":{"start":{"line":21,"column":19},"end":{"line":21,"column":20}},"11":{"start":{"line":22,"column":8},"end":{"line":22,"column":32}},"12":{"start":{"line":24,"column":6},"end":{"line":26,"column":7}},"13":{"start":{"line":25,"column":8},"end":{"line":25,"column":20}},"14":{"start":{"line":30,"column":22},"end":{"line":30,"column":24}},"15":{"start":{"line":31,"column":22},"end":{"line":31,"column":24}},"16":{"start":{"line":32,"column":4},"end":{"line":35,"column":5}},"17":{"start":{"line":32,"column":17},"end":{"line":32,"column":18}},"18":{"start":{"line":33,"column":6},"end":{"line":33,"column":33}},"19":{"start":{"line":34,"column":6},"end":{"line":34,"column":44}},"20":{"start":{"line":36,"column":4},"end":{"line":38,"column":5}},"21":{"start":{"line":37,"column":6},"end":{"line":37,"column":18}},"22":{"start":{"line":40,"column":4},"end":{"line":40,"column":17}},"23":{"start":{"line":44,"column":4},"end":{"line":48,"column":6}},"24":{"start":{"line":45,"column":6},"end":{"line":47,"column":8}},"25":{"start":{"line":46,"column":8},"end":{"line":46,"column":53}}},"fnMap":{"0":{"name":"(anonymous_0)","decl":{"start":{"line":5,"column":2},"end":{"line":5,"column":3}},"loc":{"start":{"line":5,"column":10},"end":{"line":41,"column":3}},"line":5},"1":{"name":"(anonymous_1)","decl":{"start":{"line":43,"column":2},"end":{"line":43,"column":3}},"loc":{"start":{"line":43,"column":18},"end":{"line":49,"column":3}},"line":43},"2":{"name":"(anonymous_2)","decl":{"start":{"line":44,"column":22},"end":{"line":44,"column":23}},"loc":{"start":{"line":45,"column":6},"end":{"line":47,"column":8}},"line":45},"3":{"name":"(anonymous_3)","decl":{"start":{"line":45,"column":24},"end":{"line":45,"column":25}},"loc":{"start":{"line":45,"column":35},"end":{"line":47,"column":7}},"line":45}},"branchMap":{"0":{"loc":{"start":{"line":13,"column":6},"end":{"line":15,"column":7}},"type":"if","locations":[{"start":{"line":13,"column":6},"end":{"line":15,"column":7}},{"start":{},"end":{}}],"line":13},"1":{"loc":{"start":{"line":24,"column":6},"end":{"line":26,"column":7}},"type":"if","locations":[{"start":{"line":24,"column":6},"end":{"line":26,"column":7}},{"start":{},"end":{}}],"line":24},"2":{"loc":{"start":{"line":36,"column":4},"end":{"line":38,"column":5}},"type":"if","locations":[{"start":{"line":36,"column":4},"end":{"line":38,"column":5}},{"start":{},"end":{}}],"line":36},"3":{"loc":{"start":{"line":36,"column":8},"end":{"line":36,"column":62}},"type":"binary-expr","locations":[{"start":{"line":36,"column":8},"end":{"line":36,"column":33}},{"start":{"line":36,"column":37},"end":{"line":36,"column":62}}],"line":36}},"s":{"0":2,"1":2,"2":2,"3":2,"4":6,"5":0,"6":2,"7":2,"8":6,"9":6,"10":6,"11":18,"12":6,"13":0,"14":2,"15":2,"16":2,"17":2,"18":6,"19":6,"20":2,"21":0,"22":2,"23":16,"24":18,"25":4},"f":{"0":2,"1":16,"2":18,"3":4},"b":{"0":[0,6],"1":[0,6],"2":[0,2],"3":[2,2]},"_coverageSchema":"1a1c01bbd47fc00a2c39e90264f33305004495a9","hash":"e11aa854e9f7f38f7fcfa268477f624d7904ae31"}
,"/home/matt/Programming/board-game-engine/src/condition/blackout-condition.js": {"path":"/home/matt/Programming/board-game-engine/src/condition/blackout-condition.js","statementMap":{"0":{"start":{"line":6,"column":17},"end":{"line":6,"column":67}},"1":{"start":{"line":7,"column":4},"end":{"line":7,"column":71}},"2":{"start":{"line":7,"column":31},"end":{"line":7,"column":69}},"3":{"start":{"line":7,"column":52},"end":{"line":7,"column":68}}},"fnMap":{"0":{"name":"(anonymous_0)","decl":{"start":{"line":5,"column":2},"end":{"line":5,"column":3}},"loc":{"start":{"line":5,"column":10},"end":{"line":8,"column":3}},"line":5},"1":{"name":"(anonymous_1)","decl":{"start":{"line":7,"column":22},"end":{"line":7,"column":23}},"loc":{"start":{"line":7,"column":31},"end":{"line":7,"column":69}},"line":7},"2":{"name":"(anonymous_2)","decl":{"start":{"line":7,"column":41},"end":{"line":7,"column":42}},"loc":{"start":{"line":7,"column":52},"end":{"line":7,"column":68}},"line":7}},"branchMap":{},"s":{"0":1,"1":1,"2":1,"3":1},"f":{"0":1,"1":1,"2":1},"b":{},"_coverageSchema":"1a1c01bbd47fc00a2c39e90264f33305004495a9","hash":"d6958cca691e90a28b7a45b0cb7decd090fb03ee"}
,"/home/matt/Programming/board-game-engine/src/condition/condition-factory.js": {"path":"/home/matt/Programming/board-game-engine/src/condition/condition-factory.js","statementMap":{"0":{"start":{"line":12,"column":2},"end":{"line":30,"column":3}},"1":{"start":{"line":13,"column":4},"end":{"line":13,"column":54}},"2":{"start":{"line":14,"column":9},"end":{"line":30,"column":3}},"3":{"start":{"line":15,"column":4},"end":{"line":15,"column":60}},"4":{"start":{"line":16,"column":9},"end":{"line":30,"column":3}},"5":{"start":{"line":17,"column":4},"end":{"line":17,"column":51}},"6":{"start":{"line":18,"column":9},"end":{"line":30,"column":3}},"7":{"start":{"line":19,"column":4},"end":{"line":19,"column":54}},"8":{"start":{"line":20,"column":9},"end":{"line":30,"column":3}},"9":{"start":{"line":21,"column":4},"end":{"line":21,"column":50}},"10":{"start":{"line":22,"column":9},"end":{"line":30,"column":3}},"11":{"start":{"line":23,"column":4},"end":{"line":23,"column":58}},"12":{"start":{"line":24,"column":9},"end":{"line":30,"column":3}},"13":{"start":{"line":25,"column":4},"end":{"line":25,"column":63}},"14":{"start":{"line":26,"column":9},"end":{"line":30,"column":3}},"15":{"start":{"line":27,"column":4},"end":{"line":27,"column":59}},"16":{"start":{"line":28,"column":9},"end":{"line":30,"column":3}},"17":{"start":{"line":29,"column":4},"end":{"line":29,"column":58}}},"fnMap":{"0":{"name":"conditionFactory","decl":{"start":{"line":11,"column":24},"end":{"line":11,"column":40}},"loc":{"start":{"line":11,"column":62},"end":{"line":31,"column":1}},"line":11}},"branchMap":{"0":{"loc":{"start":{"line":12,"column":2},"end":{"line":30,"column":3}},"type":"if","locations":[{"start":{"line":12,"column":2},"end":{"line":30,"column":3}},{"start":{"line":14,"column":9},"end":{"line":30,"column":3}}],"line":12},"1":{"loc":{"start":{"line":14,"column":9},"end":{"line":30,"column":3}},"type":"if","locations":[{"start":{"line":14,"column":9},"end":{"line":30,"column":3}},{"start":{"line":16,"column":9},"end":{"line":30,"column":3}}],"line":14},"2":{"loc":{"start":{"line":16,"column":9},"end":{"line":30,"column":3}},"type":"if","locations":[{"start":{"line":16,"column":9},"end":{"line":30,"column":3}},{"start":{"line":18,"column":9},"end":{"line":30,"column":3}}],"line":16},"3":{"loc":{"start":{"line":18,"column":9},"end":{"line":30,"column":3}},"type":"if","locations":[{"start":{"line":18,"column":9},"end":{"line":30,"column":3}},{"start":{"line":20,"column":9},"end":{"line":30,"column":3}}],"line":18},"4":{"loc":{"start":{"line":20,"column":9},"end":{"line":30,"column":3}},"type":"if","locations":[{"start":{"line":20,"column":9},"end":{"line":30,"column":3}},{"start":{"line":22,"column":9},"end":{"line":30,"column":3}}],"line":20},"5":{"loc":{"start":{"line":22,"column":9},"end":{"line":30,"column":3}},"type":"if","locations":[{"start":{"line":22,"column":9},"end":{"line":30,"column":3}},{"start":{"line":24,"column":9},"end":{"line":30,"column":3}}],"line":22},"6":{"loc":{"start":{"line":24,"column":9},"end":{"line":30,"column":3}},"type":"if","locations":[{"start":{"line":24,"column":9},"end":{"line":30,"column":3}},{"start":{"line":26,"column":9},"end":{"line":30,"column":3}}],"line":24},"7":{"loc":{"start":{"line":26,"column":9},"end":{"line":30,"column":3}},"type":"if","locations":[{"start":{"line":26,"column":9},"end":{"line":30,"column":3}},{"start":{"line":28,"column":9},"end":{"line":30,"column":3}}],"line":26},"8":{"loc":{"start":{"line":28,"column":9},"end":{"line":30,"column":3}},"type":"if","locations":[{"start":{"line":28,"column":9},"end":{"line":30,"column":3}},{"start":{},"end":{}}],"line":28}},"s":{"0":11,"1":0,"2":11,"3":2,"4":9,"5":2,"6":7,"7":1,"8":6,"9":0,"10":6,"11":0,"12":6,"13":2,"14":4,"15":2,"16":2,"17":2},"f":{"0":11},"b":{"0":[0,11],"1":[2,9],"2":[2,7],"3":[1,6],"4":[0,6],"5":[0,6],"6":[2,4],"7":[2,2],"8":[2,0]},"_coverageSchema":"1a1c01bbd47fc00a2c39e90264f33305004495a9","hash":"0dac36146398469c854e2f4a90c68f19a55ac913"}
,"/home/matt/Programming/board-game-engine/src/condition/condition.js": {"path":"/home/matt/Programming/board-game-engine/src/condition/condition.js","statementMap":{"0":{"start":{"line":3,"column":4},"end":{"line":3,"column":32}},"1":{"start":{"line":4,"column":4},"end":{"line":4,"column":23}},"2":{"start":{"line":5,"column":4},"end":{"line":5,"column":21}}},"fnMap":{"0":{"name":"(anonymous_0)","decl":{"start":{"line":2,"column":2},"end":{"line":2,"column":3}},"loc":{"start":{"line":2,"column":28},"end":{"line":6,"column":3}},"line":2},"1":{"name":"(anonymous_1)","decl":{"start":{"line":8,"column":2},"end":{"line":8,"column":3}},"loc":{"start":{"line":8,"column":23},"end":{"line":8,"column":25}},"line":8}},"branchMap":{},"s":{"0":11,"1":11,"2":11},"f":{"0":11,"1":0},"b":{},"_coverageSchema":"1a1c01bbd47fc00a2c39e90264f33305004495a9","hash":"44df81ebabb47177c69e37d4a7ad036af7773516"}
,"/home/matt/Programming/board-game-engine/src/condition/contains-condition.js": {"path":"/home/matt/Programming/board-game-engine/src/condition/contains-condition.js","statementMap":{"0":{"start":{"line":6,"column":18},"end":{"line":6,"column":52}},"1":{"start":{"line":7,"column":19},"end":{"line":7,"column":56}},"2":{"start":{"line":8,"column":4},"end":{"line":8,"column":48}},"3":{"start":{"line":12,"column":4},"end":{"line":12,"column":74}}},"fnMap":{"0":{"name":"(anonymous_0)","decl":{"start":{"line":5,"column":2},"end":{"line":5,"column":3}},"loc":{"start":{"line":5,"column":23},"end":{"line":9,"column":3}},"line":5},"1":{"name":"(anonymous_1)","decl":{"start":{"line":11,"column":2},"end":{"line":11,"column":3}},"loc":{"start":{"line":11,"column":22},"end":{"line":13,"column":3}},"line":11}},"branchMap":{"0":{"loc":{"start":{"line":12,"column":11},"end":{"line":12,"column":73}},"type":"binary-expr","locations":[{"start":{"line":12,"column":11},"end":{"line":12,"column":37}},{"start":{"line":12,"column":41},"end":{"line":12,"column":73}}],"line":12}},"s":{"0":0,"1":0,"2":0,"3":0},"f":{"0":0,"1":0},"b":{"0":[0,0]},"_coverageSchema":"1a1c01bbd47fc00a2c39e90264f33305004495a9","hash":"0e942313fe5856aa91a218c5eb6d7ca81cde911c"}
,"/home/matt/Programming/board-game-engine/src/condition/does-not-contain-condition.js": {"path":"/home/matt/Programming/board-game-engine/src/condition/does-not-contain-condition.js","statementMap":{"0":{"start":{"line":7,"column":18},"end":{"line":7,"column":62}},"1":{"start":{"line":8,"column":19},"end":{"line":8,"column":56}},"2":{"start":{"line":9,"column":4},"end":{"line":9,"column":63}},"3":{"start":{"line":13,"column":4},"end":{"line":13,"column":80}}},"fnMap":{"0":{"name":"(anonymous_0)","decl":{"start":{"line":6,"column":2},"end":{"line":6,"column":3}},"loc":{"start":{"line":6,"column":23},"end":{"line":10,"column":3}},"line":6},"1":{"name":"(anonymous_1)","decl":{"start":{"line":12,"column":2},"end":{"line":12,"column":3}},"loc":{"start":{"line":12,"column":22},"end":{"line":14,"column":3}},"line":12}},"branchMap":{"0":{"loc":{"start":{"line":13,"column":11},"end":{"line":13,"column":79}},"type":"binary-expr","locations":[{"start":{"line":13,"column":11},"end":{"line":13,"column":37}},{"start":{"line":13,"column":41},"end":{"line":13,"column":79}}],"line":13},"1":{"loc":{"start":{"line":13,"column":56},"end":{"line":13,"column":78}},"type":"binary-expr","locations":[{"start":{"line":13,"column":56},"end":{"line":13,"column":72}},{"start":{"line":13,"column":76},"end":{"line":13,"column":78}}],"line":13}},"s":{"0":1,"1":1,"2":1,"3":0},"f":{"0":1,"1":0},"b":{"0":[0,0],"1":[0,0]},"_coverageSchema":"1a1c01bbd47fc00a2c39e90264f33305004495a9","hash":"83b5f65474b2b67e2a1b395c434342a87195da3c"}
,"/home/matt/Programming/board-game-engine/src/condition/is-valid-player-condition.js": {"path":"/home/matt/Programming/board-game-engine/src/condition/is-valid-player-condition.js","statementMap":{"0":{"start":{"line":5,"column":4},"end":{"line":5,"column":102}}},"fnMap":{"0":{"name":"(anonymous_0)","decl":{"start":{"line":4,"column":2},"end":{"line":4,"column":3}},"loc":{"start":{"line":4,"column":23},"end":{"line":6,"column":3}},"line":4}},"branchMap":{},"s":{"0":1},"f":{"0":1},"b":{},"_coverageSchema":"1a1c01bbd47fc00a2c39e90264f33305004495a9","hash":"6df961b4d0c7045e1edc671a5e3c702134c19b53"}
,"/home/matt/Programming/board-game-engine/src/condition/piece-matches-condition.js": {"path":"/home/matt/Programming/board-game-engine/src/condition/piece-matches-condition.js","statementMap":{"0":{"start":{"line":7,"column":18},"end":{"line":7,"column":62}},"1":{"start":{"line":9,"column":4},"end":{"line":12,"column":5}},"2":{"start":{"line":10,"column":6},"end":{"line":10,"column":38}},"3":{"start":{"line":11,"column":6},"end":{"line":11,"column":19}},"4":{"start":{"line":14,"column":4},"end":{"line":19,"column":5}},"5":{"start":{"line":15,"column":22},"end":{"line":17,"column":7}},"6":{"start":{"line":18,"column":6},"end":{"line":18,"column":42}},"7":{"start":{"line":21,"column":4},"end":{"line":21,"column":16}}},"fnMap":{"0":{"name":"(anonymous_0)","decl":{"start":{"line":6,"column":2},"end":{"line":6,"column":3}},"loc":{"start":{"line":6,"column":23},"end":{"line":22,"column":3}},"line":6}},"branchMap":{"0":{"loc":{"start":{"line":9,"column":4},"end":{"line":12,"column":5}},"type":"if","locations":[{"start":{"line":9,"column":4},"end":{"line":12,"column":5}},{"start":{},"end":{}}],"line":9},"1":{"loc":{"start":{"line":9,"column":8},"end":{"line":9,"column":46}},"type":"binary-expr","locations":[{"start":{"line":9,"column":8},"end":{"line":9,"column":36}},{"start":{"line":9,"column":40},"end":{"line":9,"column":46}}],"line":9},"2":{"loc":{"start":{"line":14,"column":4},"end":{"line":19,"column":5}},"type":"if","locations":[{"start":{"line":14,"column":4},"end":{"line":19,"column":5}},{"start":{},"end":{}}],"line":14}},"s":{"0":1,"1":1,"2":0,"3":0,"4":1,"5":1,"6":1,"7":0},"f":{"0":1},"b":{"0":[0,1],"1":[1,1],"2":[1,0]},"_coverageSchema":"1a1c01bbd47fc00a2c39e90264f33305004495a9","hash":"d13fa5b3dfa559ac7c3782a75e99236df189e3c4"}
,"/home/matt/Programming/board-game-engine/src/condition/relative-move-condition.js": {"path":"/home/matt/Programming/board-game-engine/src/condition/relative-move-condition.js","statementMap":{"0":{"start":{"line":6,"column":18},"end":{"line":6,"column":52}},"1":{"start":{"line":7,"column":19},"end":{"line":7,"column":56}},"2":{"start":{"line":8,"column":4},"end":{"line":8,"column":63}},"3":{"start":{"line":12,"column":4},"end":{"line":14,"column":6}}},"fnMap":{"0":{"name":"(anonymous_0)","decl":{"start":{"line":5,"column":2},"end":{"line":5,"column":3}},"loc":{"start":{"line":5,"column":23},"end":{"line":9,"column":3}},"line":5},"1":{"name":"(anonymous_1)","decl":{"start":{"line":11,"column":2},"end":{"line":11,"column":3}},"loc":{"start":{"line":11,"column":22},"end":{"line":15,"column":3}},"line":11}},"branchMap":{"0":{"loc":{"start":{"line":13,"column":6},"end":{"line":13,"column":75}},"type":"binary-expr","locations":[{"start":{"line":13,"column":6},"end":{"line":13,"column":32}},{"start":{"line":13,"column":36},"end":{"line":13,"column":75}}],"line":13}},"s":{"0":0,"1":0,"2":0,"3":0},"f":{"0":0,"1":0},"b":{"0":[0,0]},"_coverageSchema":"1a1c01bbd47fc00a2c39e90264f33305004495a9","hash":"d3c8f52e5a0c7c303bcbec70529a8b4bbf563713"}
,"/home/matt/Programming/board-game-engine/src/condition/some-condition.js": {"path":"/home/matt/Programming/board-game-engine/src/condition/some-condition.js","statementMap":{"0":{"start":{"line":5,"column":4},"end":{"line":5,"column":71}},"1":{"start":{"line":5,"column":45},"end":{"line":5,"column":69}}},"fnMap":{"0":{"name":"(anonymous_0)","decl":{"start":{"line":4,"column":2},"end":{"line":4,"column":3}},"loc":{"start":{"line":4,"column":10},"end":{"line":6,"column":3}},"line":4},"1":{"name":"(anonymous_1)","decl":{"start":{"line":5,"column":38},"end":{"line":5,"column":39}},"loc":{"start":{"line":5,"column":45},"end":{"line":5,"column":69}},"line":5}},"branchMap":{},"s":{"0":0,"1":0},"f":{"0":0,"1":0},"b":{},"_coverageSchema":"1a1c01bbd47fc00a2c39e90264f33305004495a9","hash":"434fa76bdfa594010e424ef9a69dfb0a8963bbb4"}
,"/home/matt/Programming/board-game-engine/src/game/game.ts": {"path":"/home/matt/Programming/board-game-engine/src/game/game.ts","statementMap":{"0":{"start":{"line":58,"column":2},"end":{"line":58,"column":20}},"1":{"start":{"line":59,"column":2},"end":{"line":65,"column":4}},"2":{"start":{"line":60,"column":27},"end":{"line":63,"column":5}},"3":{"start":{"line":67,"column":2},"end":{"line":82,"column":4}},"4":{"start":{"line":68,"column":22},"end":{"line":80,"column":5}},"5":{"start":{"line":71,"column":31},"end":{"line":77,"column":9}},"6":{"start":{"line":84,"column":2},"end":{"line":93,"column":9}},"7":{"start":{"line":85,"column":4},"end":{"line":92,"column":5}},"8":{"start":{"line":86,"column":6},"end":{"line":89,"column":8}},"9":{"start":{"line":88,"column":41},"end":{"line":88,"column":72}},"10":{"start":{"line":91,"column":6},"end":{"line":91,"column":43}},"11":{"start":{"line":96,"column":2},"end":{"line":112,"column":5}},"12":{"start":{"line":97,"column":4},"end":{"line":111,"column":5}},"13":{"start":{"line":98,"column":6},"end":{"line":104,"column":9}},"14":{"start":{"line":99,"column":8},"end":{"line":103,"column":11}},"15":{"start":{"line":106,"column":6},"end":{"line":110,"column":9}},"16":{"start":{"line":114,"column":27},"end":{"line":116,"column":17}},"17":{"start":{"line":117,"column":2},"end":{"line":117,"column":61}},"18":{"start":{"line":119,"column":2},"end":{"line":119,"column":25}},"19":{"start":{"line":121,"column":2},"end":{"line":121,"column":15}},"20":{"start":{"line":125,"column":2},"end":{"line":137,"column":4}},"21":{"start":{"line":127,"column":27},"end":{"line":133,"column":7}},"22":{"start":{"line":134,"column":24},"end":{"line":134,"column":61}},"23":{"start":{"line":135,"column":6},"end":{"line":135,"column":31}},"24":{"start":{"line":141,"column":2},"end":{"line":143,"column":4}},"25":{"start":{"line":147,"column":17},"end":{"line":147,"column":66}},"26":{"start":{"line":147,"column":43},"end":{"line":147,"column":65}},"27":{"start":{"line":148,"column":2},"end":{"line":150,"column":3}},"28":{"start":{"line":149,"column":4},"end":{"line":149,"column":41}},"29":{"start":{"line":152,"column":20},"end":{"line":152,"column":81}},"30":{"start":{"line":152,"column":49},"end":{"line":152,"column":80}},"31":{"start":{"line":154,"column":23},"end":{"line":154,"column":38}},"32":{"start":{"line":155,"column":2},"end":{"line":157,"column":3}},"33":{"start":{"line":156,"column":4},"end":{"line":156,"column":50}},"34":{"start":{"line":159,"column":2},"end":{"line":161,"column":3}},"35":{"start":{"line":160,"column":4},"end":{"line":160,"column":75}},"36":{"start":{"line":163,"column":2},"end":{"line":163,"column":69}},"37":{"start":{"line":165,"column":2},"end":{"line":165,"column":22}},"38":{"start":{"line":169,"column":2},"end":{"line":173,"column":3}},"39":{"start":{"line":170,"column":4},"end":{"line":170,"column":85}},"40":{"start":{"line":172,"column":4},"end":{"line":172,"column":36}},"41":{"start":{"line":177,"column":2},"end":{"line":181,"column":3}},"42":{"start":{"line":178,"column":4},"end":{"line":178,"column":33}},"43":{"start":{"line":180,"column":4},"end":{"line":180,"column":41}},"44":{"start":{"line":189,"column":2},"end":{"line":196,"column":3}},"45":{"start":{"line":190,"column":4},"end":{"line":195,"column":5}},"46":{"start":{"line":198,"column":16},"end":{"line":198,"column":40}},"47":{"start":{"line":200,"column":2},"end":{"line":202,"column":3}},"48":{"start":{"line":201,"column":4},"end":{"line":201,"column":37}},"49":{"start":{"line":204,"column":2},"end":{"line":212,"column":3}},"50":{"start":{"line":205,"column":4},"end":{"line":205,"column":17}},"51":{"start":{"line":206,"column":9},"end":{"line":212,"column":3}},"52":{"start":{"line":207,"column":4},"end":{"line":207,"column":40}},"53":{"start":{"line":208,"column":4},"end":{"line":208,"column":34}},"54":{"start":{"line":209,"column":9},"end":{"line":212,"column":3}},"55":{"start":{"line":210,"column":4},"end":{"line":210,"column":33}},"56":{"start":{"line":211,"column":4},"end":{"line":211,"column":34}},"57":{"start":{"line":216,"column":23},"end":{"line":216,"column":62}},"58":{"start":{"line":218,"column":16},"end":{"line":218,"column":34}},"59":{"start":{"line":220,"column":2},"end":{"line":220,"column":31}},"60":{"start":{"line":222,"column":2},"end":{"line":244,"column":3}},"61":{"start":{"line":223,"column":4},"end":{"line":243,"column":5}},"62":{"start":{"line":225,"column":31},"end":{"line":225,"column":87}},"63":{"start":{"line":228,"column":25},"end":{"line":228,"column":62}},"64":{"start":{"line":231,"column":6},"end":{"line":239,"column":7}},"65":{"start":{"line":232,"column":8},"end":{"line":232,"column":47}},"66":{"start":{"line":235,"column":8},"end":{"line":238,"column":9}},"67":{"start":{"line":236,"column":10},"end":{"line":236,"column":51}},"68":{"start":{"line":237,"column":10},"end":{"line":237,"column":49}},"69":{"start":{"line":242,"column":6},"end":{"line":242,"column":45}},"70":{"start":{"line":247,"column":17},"end":{"line":247,"column":42}},"71":{"start":{"line":248,"column":17},"end":{"line":248,"column":40}},"72":{"start":{"line":250,"column":2},"end":{"line":253,"column":3}},"73":{"start":{"line":251,"column":4},"end":{"line":251,"column":25}},"74":{"start":{"line":252,"column":4},"end":{"line":252,"column":25}},"75":{"start":{"line":255,"column":2},"end":{"line":255,"column":32}},"76":{"start":{"line":268,"column":21},"end":{"line":268,"column":37}},"77":{"start":{"line":269,"column":24},"end":{"line":269,"column":47}},"78":{"start":{"line":271,"column":2},"end":{"line":273,"column":3}},"79":{"start":{"line":272,"column":4},"end":{"line":272,"column":34}},"80":{"start":{"line":275,"column":2},"end":{"line":278,"column":5}},"81":{"start":{"line":276,"column":19},"end":{"line":276,"column":51}},"82":{"start":{"line":277,"column":4},"end":{"line":277,"column":64}},"83":{"start":{"line":286,"column":2},"end":{"line":286,"column":49}},"84":{"start":{"line":293,"column":2},"end":{"line":295,"column":11}},"85":{"start":{"line":303,"column":28},"end":{"line":307,"column":3}},"86":{"start":{"line":309,"column":2},"end":{"line":312,"column":49}},"87":{"start":{"line":310,"column":19},"end":{"line":310,"column":45}},"88":{"start":{"line":311,"column":18},"end":{"line":311,"column":44}},"89":{"start":{"line":312,"column":19},"end":{"line":312,"column":47}},"90":{"start":{"line":316,"column":25},"end":{"line":318,"column":3}},"91":{"start":{"line":319,"column":2},"end":{"line":319,"column":44}},"92":{"start":{"line":324,"column":2},"end":{"line":324,"column":23}},"93":{"start":{"line":329,"column":21},"end":{"line":329,"column":41}},"94":{"start":{"line":332,"column":4},"end":{"line":332,"column":50}},"95":{"start":{"line":332,"column":43},"end":{"line":332,"column":50}},"96":{"start":{"line":335,"column":4},"end":{"line":335,"column":35}},"97":{"start":{"line":338,"column":4},"end":{"line":345,"column":5}},"98":{"start":{"line":339,"column":19},"end":{"line":339,"column":28}},"99":{"start":{"line":340,"column":6},"end":{"line":344,"column":7}},"100":{"start":{"line":341,"column":8},"end":{"line":343,"column":11}},"101":{"start":{"line":342,"column":10},"end":{"line":342,"column":53}},"102":{"start":{"line":349,"column":2},"end":{"line":351,"column":3}},"103":{"start":{"line":350,"column":4},"end":{"line":350,"column":37}},"104":{"start":{"line":352,"column":2},"end":{"line":354,"column":3}},"105":{"start":{"line":353,"column":4},"end":{"line":353,"column":63}},"106":{"start":{"line":353,"column":35},"end":{"line":353,"column":61}},"107":{"start":{"line":358,"column":2},"end":{"line":358,"column":37}},"108":{"start":{"line":362,"column":2},"end":{"line":365,"column":3}}},"fnMap":{"0":{"name":"initializeState","decl":{"start":{"line":57,"column":9},"end":{"line":57,"column":24}},"loc":{"start":{"line":57,"column":72},"end":{"line":122,"column":1}},"line":57},"1":{"name":"(anonymous_1)","decl":{"start":{"line":60,"column":4},"end":{"line":60,"column":5}},"loc":{"start":{"line":60,"column":27},"end":{"line":63,"column":5}},"line":60},"2":{"name":"(anonymous_2)","decl":{"start":{"line":68,"column":4},"end":{"line":68,"column":5}},"loc":{"start":{"line":68,"column":22},"end":{"line":80,"column":5}},"line":68},"3":{"name":"(anonymous_3)","decl":{"start":{"line":71,"column":8},"end":{"line":71,"column":9}},"loc":{"start":{"line":71,"column":31},"end":{"line":77,"column":9}},"line":71},"4":{"name":"(anonymous_4)","decl":{"start":{"line":84,"column":37},"end":{"line":84,"column":38}},"loc":{"start":{"line":84,"column":57},"end":{"line":93,"column":3}},"line":84},"5":{"name":"(anonymous_5)","decl":{"start":{"line":88,"column":29},"end":{"line":88,"column":30}},"loc":{"start":{"line":88,"column":41},"end":{"line":88,"column":72}},"line":88},"6":{"name":"(anonymous_6)","decl":{"start":{"line":96,"column":35},"end":{"line":96,"column":36}},"loc":{"start":{"line":96,"column":50},"end":{"line":112,"column":3}},"line":96},"7":{"name":"(anonymous_7)","decl":{"start":{"line":98,"column":28},"end":{"line":98,"column":29}},"loc":{"start":{"line":98,"column":40},"end":{"line":104,"column":7}},"line":98},"8":{"name":"checkWinner","decl":{"start":{"line":124,"column":9},"end":{"line":124,"column":20}},"loc":{"start":{"line":124,"column":72},"end":{"line":138,"column":1}},"line":124},"9":{"name":"(anonymous_9)","decl":{"start":{"line":126,"column":23},"end":{"line":126,"column":24}},"loc":{"start":{"line":126,"column":35},"end":{"line":136,"column":5}},"line":126},"10":{"name":"checkDraw","decl":{"start":{"line":140,"column":9},"end":{"line":140,"column":18}},"loc":{"start":{"line":140,"column":64},"end":{"line":144,"column":1}},"line":140},"11":{"name":"expandActionPayload","decl":{"start":{"line":146,"column":9},"end":{"line":146,"column":28}},"loc":{"start":{"line":146,"column":77},"end":{"line":166,"column":1}},"line":146},"12":{"name":"(anonymous_12)","decl":{"start":{"line":147,"column":36},"end":{"line":147,"column":37}},"loc":{"start":{"line":147,"column":43},"end":{"line":147,"column":65}},"line":147},"13":{"name":"(anonymous_13)","decl":{"start":{"line":152,"column":38},"end":{"line":152,"column":39}},"loc":{"start":{"line":152,"column":49},"end":{"line":152,"column":80}},"line":152},"14":{"name":"handlePlayerJoin","decl":{"start":{"line":168,"column":9},"end":{"line":168,"column":25}},"loc":{"start":{"line":168,"column":46},"end":{"line":174,"column":1}},"line":168},"15":{"name":"handleStartGame","decl":{"start":{"line":176,"column":9},"end":{"line":176,"column":24}},"loc":{"start":{"line":176,"column":38},"end":{"line":182,"column":1}},"line":176},"16":{"name":"makeMove","decl":{"start":{"line":184,"column":16},"end":{"line":184,"column":24}},"loc":{"start":{"line":188,"column":13},"end":{"line":256,"column":1}},"line":188},"17":{"name":"doInitialPlacement","decl":{"start":{"line":258,"column":9},"end":{"line":258,"column":27}},"loc":{"start":{"line":267,"column":2},"end":{"line":279,"column":1}},"line":267},"18":{"name":"(anonymous_18)","decl":{"start":{"line":275,"column":54},"end":{"line":275,"column":55}},"loc":{"start":{"line":275,"column":60},"end":{"line":278,"column":3}},"line":275},"19":{"name":"getBoardPathContaining","decl":{"start":{"line":281,"column":9},"end":{"line":281,"column":31}},"loc":{"start":{"line":285,"column":12},"end":{"line":287,"column":1}},"line":285},"20":{"name":"normalizePath","decl":{"start":{"line":289,"column":9},"end":{"line":289,"column":22}},"loc":{"start":{"line":292,"column":12},"end":{"line":296,"column":1}},"line":292},"21":{"name":"getPiecePaths","decl":{"start":{"line":298,"column":9},"end":{"line":298,"column":22}},"loc":{"start":{"line":302,"column":14},"end":{"line":313,"column":1}},"line":302},"22":{"name":"(anonymous_22)","decl":{"start":{"line":310,"column":12},"end":{"line":310,"column":13}},"loc":{"start":{"line":310,"column":19},"end":{"line":310,"column":45}},"line":310},"23":{"name":"(anonymous_23)","decl":{"start":{"line":311,"column":10},"end":{"line":311,"column":11}},"loc":{"start":{"line":311,"column":18},"end":{"line":311,"column":44}},"line":311},"24":{"name":"(anonymous_24)","decl":{"start":{"line":312,"column":9},"end":{"line":312,"column":10}},"loc":{"start":{"line":312,"column":19},"end":{"line":312,"column":47}},"line":312},"25":{"name":"expandOptions","decl":{"start":{"line":315,"column":9},"end":{"line":315,"column":22}},"loc":{"start":{"line":315,"column":32},"end":{"line":320,"column":1}},"line":315},"26":{"name":"expandRules","decl":{"start":{"line":323,"column":9},"end":{"line":323,"column":20}},"loc":{"start":{"line":323,"column":29},"end":{"line":325,"column":1}},"line":323},"27":{"name":"addPathToRules","decl":{"start":{"line":328,"column":16},"end":{"line":328,"column":30}},"loc":{"start":{"line":328,"column":45},"end":{"line":355,"column":1}},"line":328},"28":{"name":"annotate","decl":{"start":{"line":331,"column":11},"end":{"line":331,"column":19}},"loc":{"start":{"line":331,"column":36},"end":{"line":346,"column":3}},"line":331},"29":{"name":"(anonymous_29)","decl":{"start":{"line":341,"column":21},"end":{"line":341,"column":22}},"loc":{"start":{"line":341,"column":37},"end":{"line":343,"column":9}},"line":341},"30":{"name":"(anonymous_30)","decl":{"start":{"line":353,"column":25},"end":{"line":353,"column":26}},"loc":{"start":{"line":353,"column":35},"end":{"line":353,"column":61}},"line":353},"31":{"name":"makeSerializable","decl":{"start":{"line":357,"column":9},"end":{"line":357,"column":25}},"loc":{"start":{"line":357,"column":34},"end":{"line":359,"column":1}},"line":357},"32":{"name":"deserializeState","decl":{"start":{"line":361,"column":9},"end":{"line":361,"column":25}},"loc":{"start":{"line":361,"column":34},"end":{"line":366,"column":1}},"line":361}},"branchMap":{"0":{"loc":{"start":{"line":70,"column":34},"end":{"line":70,"column":59}},"type":"binary-expr","locations":[{"start":{"line":70,"column":34},"end":{"line":70,"column":53}},{"start":{"line":70,"column":57},"end":{"line":70,"column":59}}],"line":70},"1":{"loc":{"start":{"line":85,"column":4},"end":{"line":92,"column":5}},"type":"if","locations":[{"start":{"line":85,"column":4},"end":{"line":92,"column":5}},{"start":{"line":90,"column":11},"end":{"line":92,"column":5}}],"line":85},"2":{"loc":{"start":{"line":97,"column":4},"end":{"line":111,"column":5}},"type":"if","locations":[{"start":{"line":97,"column":4},"end":{"line":111,"column":5}},{"start":{"line":105,"column":11},"end":{"line":111,"column":5}}],"line":97},"3":{"loc":{"start":{"line":114,"column":27},"end":{"line":116,"column":17}},"type":"cond-expr","locations":[{"start":{"line":115,"column":6},"end":{"line":115,"column":27}},{"start":{"line":116,"column":6},"end":{"line":116,"column":17}}],"line":114},"4":{"loc":{"start":{"line":126,"column":4},"end":{"line":136,"column":14}},"type":"binary-expr","locations":[{"start":{"line":126,"column":4},"end":{"line":136,"column":6}},{"start":{"line":136,"column":10},"end":{"line":136,"column":14}}],"line":126},"5":{"loc":{"start":{"line":142,"column":4},"end":{"line":142,"column":79}},"type":"binary-expr","locations":[{"start":{"line":142,"column":4},"end":{"line":142,"column":23}},{"start":{"line":142,"column":27},"end":{"line":142,"column":79}}],"line":142},"6":{"loc":{"start":{"line":148,"column":2},"end":{"line":150,"column":3}},"type":"if","locations":[{"start":{"line":148,"column":2},"end":{"line":150,"column":3}},{"start":{},"end":{}}],"line":148},"7":{"loc":{"start":{"line":148,"column":6},"end":{"line":148,"column":62}},"type":"binary-expr","locations":[{"start":{"line":148,"column":6},"end":{"line":148,"column":13}},{"start":{"line":148,"column":17},"end":{"line":148,"column":37}},{"start":{"line":148,"column":41},"end":{"line":148,"column":62}}],"line":148},"8":{"loc":{"start":{"line":155,"column":2},"end":{"line":157,"column":3}},"type":"if","locations":[{"start":{"line":155,"column":2},"end":{"line":157,"column":3}},{"start":{},"end":{}}],"line":155},"9":{"loc":{"start":{"line":155,"column":6},"end":{"line":155,"column":50}},"type":"binary-expr","locations":[{"start":{"line":155,"column":6},"end":{"line":155,"column":26}},{"start":{"line":155,"column":30},"end":{"line":155,"column":50}}],"line":155},"10":{"loc":{"start":{"line":159,"column":2},"end":{"line":161,"column":3}},"type":"if","locations":[{"start":{"line":159,"column":2},"end":{"line":161,"column":3}},{"start":{},"end":{}}],"line":159},"11":{"loc":{"start":{"line":169,"column":2},"end":{"line":173,"column":3}},"type":"if","locations":[{"start":{"line":169,"column":2},"end":{"line":173,"column":3}},{"start":{"line":171,"column":9},"end":{"line":173,"column":3}}],"line":169},"12":{"loc":{"start":{"line":177,"column":2},"end":{"line":181,"column":3}},"type":"if","locations":[{"start":{"line":177,"column":2},"end":{"line":181,"column":3}},{"start":{"line":179,"column":9},"end":{"line":181,"column":3}}],"line":177},"13":{"loc":{"start":{"line":189,"column":2},"end":{"line":196,"column":3}},"type":"if","locations":[{"start":{"line":189,"column":2},"end":{"line":196,"column":3}},{"start":{},"end":{}}],"line":189},"14":{"loc":{"start":{"line":200,"column":2},"end":{"line":202,"column":3}},"type":"if","locations":[{"start":{"line":200,"column":2},"end":{"line":202,"column":3}},{"start":{},"end":{}}],"line":200},"15":{"loc":{"start":{"line":204,"column":2},"end":{"line":212,"column":3}},"type":"if","locations":[{"start":{"line":204,"column":2},"end":{"line":212,"column":3}},{"start":{"line":206,"column":9},"end":{"line":212,"column":3}}],"line":204},"16":{"loc":{"start":{"line":206,"column":9},"end":{"line":212,"column":3}},"type":"if","locations":[{"start":{"line":206,"column":9},"end":{"line":212,"column":3}},{"start":{"line":209,"column":9},"end":{"line":212,"column":3}}],"line":206},"17":{"loc":{"start":{"line":209,"column":9},"end":{"line":212,"column":3}},"type":"if","locations":[{"start":{"line":209,"column":9},"end":{"line":212,"column":3}},{"start":{},"end":{}}],"line":209},"18":{"loc":{"start":{"line":222,"column":2},"end":{"line":244,"column":3}},"type":"if","locations":[{"start":{"line":222,"column":2},"end":{"line":244,"column":3}},{"start":{},"end":{}}],"line":222},"19":{"loc":{"start":{"line":223,"column":4},"end":{"line":243,"column":5}},"type":"if","locations":[{"start":{"line":223,"column":4},"end":{"line":243,"column":5}},{"start":{"line":240,"column":11},"end":{"line":243,"column":5}}],"line":223},"20":{"loc":{"start":{"line":231,"column":6},"end":{"line":239,"column":7}},"type":"if","locations":[{"start":{"line":231,"column":6},"end":{"line":239,"column":7}},{"start":{},"end":{}}],"line":231},"21":{"loc":{"start":{"line":235,"column":8},"end":{"line":238,"column":9}},"type":"if","locations":[{"start":{"line":235,"column":8},"end":{"line":238,"column":9}},{"start":{},"end":{}}],"line":235},"22":{"loc":{"start":{"line":250,"column":2},"end":{"line":253,"column":3}},"type":"if","locations":[{"start":{"line":250,"column":2},"end":{"line":253,"column":3}},{"start":{},"end":{}}],"line":250},"23":{"loc":{"start":{"line":250,"column":6},"end":{"line":250,"column":22}},"type":"binary-expr","locations":[{"start":{"line":250,"column":6},"end":{"line":250,"column":12}},{"start":{"line":250,"column":16},"end":{"line":250,"column":22}}],"line":250},"24":{"loc":{"start":{"line":269,"column":24},"end":{"line":269,"column":47}},"type":"binary-expr","locations":[{"start":{"line":269,"column":24},"end":{"line":269,"column":41}},{"start":{"line":269,"column":45},"end":{"line":269,"column":47}}],"line":269},"25":{"loc":{"start":{"line":271,"column":2},"end":{"line":273,"column":3}},"type":"if","locations":[{"start":{"line":271,"column":2},"end":{"line":273,"column":3}},{"start":{},"end":{}}],"line":271},"26":{"loc":{"start":{"line":275,"column":23},"end":{"line":275,"column":43}},"type":"binary-expr","locations":[{"start":{"line":275,"column":23},"end":{"line":275,"column":38}},{"start":{"line":275,"column":42},"end":{"line":275,"column":43}}],"line":275},"27":{"loc":{"start":{"line":291,"column":2},"end":{"line":291,"column":35}},"type":"default-arg","locations":[{"start":{"line":291,"column":33},"end":{"line":291,"column":35}}],"line":291},"28":{"loc":{"start":{"line":293,"column":9},"end":{"line":295,"column":10}},"type":"cond-expr","locations":[{"start":{"line":294,"column":6},"end":{"line":294,"column":72}},{"start":{"line":295,"column":6},"end":{"line":295,"column":10}}],"line":293},"29":{"loc":{"start":{"line":293,"column":9},"end":{"line":293,"column":54}},"type":"binary-expr","locations":[{"start":{"line":293,"column":9},"end":{"line":293,"column":36}},{"start":{"line":293,"column":40},"end":{"line":293,"column":54}}],"line":293},"30":{"loc":{"start":{"line":311,"column":18},"end":{"line":311,"column":44}},"type":"cond-expr","locations":[{"start":{"line":311,"column":38},"end":{"line":311,"column":39}},{"start":{"line":311,"column":42},"end":{"line":311,"column":44}}],"line":311},"31":{"loc":{"start":{"line":332,"column":4},"end":{"line":332,"column":50}},"type":"if","locations":[{"start":{"line":332,"column":4},"end":{"line":332,"column":50}},{"start":{},"end":{}}],"line":332},"32":{"loc":{"start":{"line":332,"column":8},"end":{"line":332,"column":41}},"type":"binary-expr","locations":[{"start":{"line":332,"column":8},"end":{"line":332,"column":13}},{"start":{"line":332,"column":17},"end":{"line":332,"column":41}}],"line":332},"33":{"loc":{"start":{"line":340,"column":6},"end":{"line":344,"column":7}},"type":"if","locations":[{"start":{"line":340,"column":6},"end":{"line":344,"column":7}},{"start":{},"end":{}}],"line":340},"34":{"loc":{"start":{"line":349,"column":2},"end":{"line":351,"column":3}},"type":"if","locations":[{"start":{"line":349,"column":2},"end":{"line":351,"column":3}},{"start":{},"end":{}}],"line":349},"35":{"loc":{"start":{"line":349,"column":6},"end":{"line":349,"column":52}},"type":"binary-expr","locations":[{"start":{"line":349,"column":6},"end":{"line":349,"column":17}},{"start":{"line":349,"column":21},"end":{"line":349,"column":52}}],"line":349},"36":{"loc":{"start":{"line":352,"column":2},"end":{"line":354,"column":3}},"type":"if","locations":[{"start":{"line":352,"column":2},"end":{"line":354,"column":3}},{"start":{},"end":{}}],"line":352}},"s":{"0":2,"1":2,"2":2,"3":2,"4":4,"5":0,"6":2,"7":2,"8":2,"9":4,"10":0,"11":2,"12":0,"13":0,"14":0,"15":0,"16":2,"17":2,"18":2,"19":2,"20":1,"21":2,"22":2,"23":2,"24":1,"25":1,"26":1,"27":1,"28":0,"29":1,"30":1,"31":1,"32":1,"33":0,"34":1,"35":0,"36":1,"37":1,"38":6,"39":6,"40":0,"41":2,"42":2,"43":0,"44":13,"45":4,"46":9,"47":9,"48":0,"49":9,"50":0,"51":9,"52":6,"53":6,"54":3,"55":2,"56":2,"57":1,"58":1,"59":1,"60":1,"61":0,"62":0,"63":0,"64":0,"65":0,"66":0,"67":0,"68":0,"69":0,"70":1,"71":1,"72":1,"73":0,"74":0,"75":1,"76":0,"77":0,"78":0,"79":0,"80":0,"81":0,"82":0,"83":0,"84":1,"85":0,"86":0,"87":0,"88":0,"89":0,"90":0,"91":0,"92":2,"93":2,"94":4,"95":0,"96":4,"97":4,"98":8,"99":8,"100":2,"101":2,"102":2,"103":2,"104":2,"105":0,"106":0,"107":9,"108":9},"f":{"0":2,"1":2,"2":4,"3":0,"4":2,"5":4,"6":0,"7":0,"8":1,"9":2,"10":1,"11":1,"12":1,"13":1,"14":6,"15":2,"16":13,"17":0,"18":0,"19":0,"20":1,"21":0,"22":0,"23":0,"24":0,"25":0,"26":2,"27":2,"28":4,"29":2,"30":0,"31":9,"32":9},"b":{"0":[4,4],"1":[2,0],"2":[0,0],"3":[2,0],"4":[1,1],"5":[1,1],"6":[0,1],"7":[1,0,0],"8":[0,1],"9":[1,0],"10":[0,1],"11":[6,0],"12":[2,0],"13":[4,9],"14":[0,9],"15":[0,9],"16":[6,3],"17":[2,1],"18":[0,1],"19":[0,0],"20":[0,0],"21":[0,0],"22":[0,1],"23":[1,1],"24":[0,0],"25":[0,0],"26":[0,0],"27":[0],"28":[0,1],"29":[1,0],"30":[0,0],"31":[0,4],"32":[4,4],"33":[2,6],"34":[2,0],"35":[2,2],"36":[0,2]},"_coverageSchema":"1a1c01bbd47fc00a2c39e90264f33305004495a9","hash":"6d6e359bf451fc163419da1071a485249818fc50"}
,"/home/matt/Programming/board-game-engine/src/piece/piece-factory.js": {"path":"/home/matt/Programming/board-game-engine/src/piece/piece-factory.js","statementMap":{"0":{"start":{"line":4,"column":2},"end":{"line":4,"column":39}}},"fnMap":{"0":{"name":"pieceFactory","decl":{"start":{"line":3,"column":24},"end":{"line":3,"column":36}},"loc":{"start":{"line":3,"column":57},"end":{"line":5,"column":1}},"line":3}},"branchMap":{},"s":{"0":2},"f":{"0":2},"b":{},"_coverageSchema":"1a1c01bbd47fc00a2c39e90264f33305004495a9","hash":"c3779a35908f32570a618ffc499ec529d190fccf"}
,"/home/matt/Programming/board-game-engine/src/piece/piece.ts": {"path":"/home/matt/Programming/board-game-engine/src/piece/piece.ts","statementMap":{"0":{"start":{"line":12,"column":4},"end":{"line":12,"column":26}},"1":{"start":{"line":13,"column":4},"end":{"line":13,"column":32}},"2":{"start":{"line":14,"column":4},"end":{"line":16,"column":5}},"3":{"start":{"line":15,"column":6},"end":{"line":15,"column":42}},"4":{"start":{"line":20,"column":4},"end":{"line":22,"column":5}},"5":{"start":{"line":21,"column":6},"end":{"line":21,"column":44}},"6":{"start":{"line":23,"column":4},"end":{"line":23,"column":16}}},"fnMap":{"0":{"name":"(anonymous_0)","decl":{"start":{"line":11,"column":2},"end":{"line":11,"column":3}},"loc":{"start":{"line":11,"column":54},"end":{"line":17,"column":3}},"line":11},"1":{"name":"(anonymous_1)","decl":{"start":{"line":19,"column":2},"end":{"line":19,"column":3}},"loc":{"start":{"line":19,"column":52},"end":{"line":24,"column":3}},"line":19}},"branchMap":{"0":{"loc":{"start":{"line":14,"column":4},"end":{"line":16,"column":5}},"type":"if","locations":[{"start":{"line":14,"column":4},"end":{"line":16,"column":5}},{"start":{},"end":{}}],"line":14},"1":{"loc":{"start":{"line":20,"column":4},"end":{"line":22,"column":5}},"type":"if","locations":[{"start":{"line":20,"column":4},"end":{"line":22,"column":5}},{"start":{},"end":{}}],"line":20}},"s":{"0":2,"1":2,"2":2,"3":2,"4":4,"5":4,"6":0},"f":{"0":2,"1":4},"b":{"0":[2,0],"1":[4,0]},"_coverageSchema":"1a1c01bbd47fc00a2c39e90264f33305004495a9","hash":"b1c77f2ae6d306ec3c421fe6699bd4d49222ab38"}
,"/home/matt/Programming/board-game-engine/src/piece/pile.js": {"path":"/home/matt/Programming/board-game-engine/src/piece/pile.js","statementMap":{"0":{"start":{"line":6,"column":4},"end":{"line":6,"column":30}},"1":{"start":{"line":7,"column":4},"end":{"line":7,"column":30}},"2":{"start":{"line":8,"column":4},"end":{"line":8,"column":32}},"3":{"start":{"line":9,"column":4},"end":{"line":11,"column":5}},"4":{"start":{"line":10,"column":6},"end":{"line":10,"column":34}},"5":{"start":{"line":12,"column":4},"end":{"line":12,"column":26}},"6":{"start":{"line":13,"column":4},"end":{"line":26,"column":10}},"7":{"start":{"line":16,"column":20},"end":{"line":16,"column":38}},"8":{"start":{"line":17,"column":6},"end":{"line":25,"column":7}},"9":{"start":{"line":20,"column":10},"end":{"line":23,"column":11}},"10":{"start":{"line":28,"column":4},"end":{"line":33,"column":5}},"11":{"start":{"line":29,"column":6},"end":{"line":32,"column":34}},"12":{"start":{"line":30,"column":25},"end":{"line":30,"column":55}},"13":{"start":{"line":31,"column":24},"end":{"line":31,"column":39}},"14":{"start":{"line":32,"column":28},"end":{"line":32,"column":33}},"15":{"start":{"line":35,"column":4},"end":{"line":35,"column":52}},"16":{"start":{"line":39,"column":4},"end":{"line":39,"column":33}},"17":{"start":{"line":43,"column":21},"end":{"line":43,"column":23}},"18":{"start":{"line":44,"column":4},"end":{"line":58,"column":5}},"19":{"start":{"line":45,"column":6},"end":{"line":47,"column":7}},"20":{"start":{"line":46,"column":8},"end":{"line":46,"column":27}},"21":{"start":{"line":48,"column":24},"end":{"line":48,"column":48}},"22":{"start":{"line":49,"column":6},"end":{"line":49,"column":50}},"23":{"start":{"line":51,"column":6},"end":{"line":57,"column":7}},"24":{"start":{"line":52,"column":8},"end":{"line":56,"column":9}},"25":{"start":{"line":54,"column":12},"end":{"line":54,"column":54}},"26":{"start":{"line":59,"column":4},"end":{"line":59,"column":19}},"27":{"start":{"line":63,"column":4},"end":{"line":65,"column":5}},"28":{"start":{"line":64,"column":6},"end":{"line":64,"column":21}},"29":{"start":{"line":66,"column":4},"end":{"line":66,"column":25}}},"fnMap":{"0":{"name":"(anonymous_0)","decl":{"start":{"line":5,"column":2},"end":{"line":5,"column":3}},"loc":{"start":{"line":5,"column":40},"end":{"line":36,"column":3}},"line":5},"1":{"name":"(anonymous_1)","decl":{"start":{"line":15,"column":13},"end":{"line":15,"column":14}},"loc":{"start":{"line":15,"column":44},"end":{"line":26,"column":5}},"line":15},"2":{"name":"(anonymous_2)","decl":{"start":{"line":19,"column":40},"end":{"line":19,"column":41}},"loc":{"start":{"line":20,"column":10},"end":{"line":23,"column":11}},"line":20},"3":{"name":"(anonymous_3)","decl":{"start":{"line":30,"column":13},"end":{"line":30,"column":14}},"loc":{"start":{"line":30,"column":25},"end":{"line":30,"column":55}},"line":30},"4":{"name":"(anonymous_4)","decl":{"start":{"line":31,"column":14},"end":{"line":31,"column":15}},"loc":{"start":{"line":31,"column":24},"end":{"line":31,"column":39}},"line":31},"5":{"name":"(anonymous_5)","decl":{"start":{"line":32,"column":13},"end":{"line":32,"column":14}},"loc":{"start":{"line":32,"column":28},"end":{"line":32,"column":33}},"line":32},"6":{"name":"(anonymous_6)","decl":{"start":{"line":38,"column":2},"end":{"line":38,"column":3}},"loc":{"start":{"line":38,"column":12},"end":{"line":40,"column":3}},"line":38},"7":{"name":"(anonymous_7)","decl":{"start":{"line":42,"column":2},"end":{"line":42,"column":3}},"loc":{"start":{"line":42,"column":22},"end":{"line":60,"column":3}},"line":42},"8":{"name":"(anonymous_8)","decl":{"start":{"line":53,"column":50},"end":{"line":53,"column":51}},"loc":{"start":{"line":54,"column":12},"end":{"line":54,"column":54}},"line":54},"9":{"name":"(anonymous_9)","decl":{"start":{"line":62,"column":2},"end":{"line":62,"column":3}},"loc":{"start":{"line":62,"column":14},"end":{"line":67,"column":3}},"line":62}},"branchMap":{"0":{"loc":{"start":{"line":5,"column":26},"end":{"line":5,"column":38}},"type":"default-arg","locations":[{"start":{"line":5,"column":36},"end":{"line":5,"column":38}}],"line":5},"1":{"loc":{"start":{"line":9,"column":4},"end":{"line":11,"column":5}},"type":"if","locations":[{"start":{"line":9,"column":4},"end":{"line":11,"column":5}},{"start":{},"end":{}}],"line":9},"2":{"loc":{"start":{"line":14,"column":6},"end":{"line":14,"column":66}},"type":"cond-expr","locations":[{"start":{"line":14,"column":27},"end":{"line":14,"column":61}},{"start":{"line":14,"column":64},"end":{"line":14,"column":66}}],"line":14},"3":{"loc":{"start":{"line":16,"column":20},"end":{"line":16,"column":38}},"type":"binary-expr","locations":[{"start":{"line":16,"column":20},"end":{"line":16,"column":33}},{"start":{"line":16,"column":37},"end":{"line":16,"column":38}}],"line":16},"4":{"loc":{"start":{"line":28,"column":4},"end":{"line":33,"column":5}},"type":"if","locations":[{"start":{"line":28,"column":4},"end":{"line":33,"column":5}},{"start":{},"end":{}}],"line":28},"5":{"loc":{"start":{"line":35,"column":17},"end":{"line":35,"column":52}},"type":"binary-expr","locations":[{"start":{"line":35,"column":17},"end":{"line":35,"column":33}},{"start":{"line":35,"column":37},"end":{"line":35,"column":52}}],"line":35},"6":{"loc":{"start":{"line":44,"column":4},"end":{"line":58,"column":5}},"type":"if","locations":[{"start":{"line":44,"column":4},"end":{"line":58,"column":5}},{"start":{},"end":{}}],"line":44},"7":{"loc":{"start":{"line":44,"column":8},"end":{"line":44,"column":55}},"type":"binary-expr","locations":[{"start":{"line":44,"column":8},"end":{"line":44,"column":32}},{"start":{"line":44,"column":36},"end":{"line":44,"column":55}}],"line":44},"8":{"loc":{"start":{"line":45,"column":6},"end":{"line":47,"column":7}},"type":"if","locations":[{"start":{"line":45,"column":6},"end":{"line":47,"column":7}},{"start":{},"end":{}}],"line":45},"9":{"loc":{"start":{"line":51,"column":6},"end":{"line":57,"column":7}},"type":"if","locations":[{"start":{"line":51,"column":6},"end":{"line":57,"column":7}},{"start":{},"end":{}}],"line":51},"10":{"loc":{"start":{"line":63,"column":4},"end":{"line":65,"column":5}},"type":"if","locations":[{"start":{"line":63,"column":4},"end":{"line":65,"column":5}},{"start":{},"end":{}}],"line":63}},"s":{"0":4,"1":4,"2":4,"3":4,"4":4,"5":4,"6":4,"7":0,"8":0,"9":0,"10":4,"11":0,"12":0,"13":0,"14":0,"15":4,"16":2,"17":2,"18":2,"19":2,"20":0,"21":2,"22":2,"23":2,"24":2,"25":2,"26":2,"27":0,"28":0,"29":0},"f":{"0":4,"1":0,"2":0,"3":0,"4":0,"5":0,"6":2,"7":2,"8":2,"9":0},"b":{"0":[0],"1":[4,0],"2":[0,4],"3":[0,0],"4":[0,4],"5":[4,4],"6":[2,0],"7":[2,0],"8":[0,2],"9":[2,0],"10":[0,0]},"_coverageSchema":"1a1c01bbd47fc00a2c39e90264f33305004495a9","hash":"a8aa0cf5045604a1c2ee657609474eb916c5f800"}
,"/home/matt/Programming/board-game-engine/src/player/player.ts": {"path":"/home/matt/Programming/board-game-engine/src/player/player.ts","statementMap":{"0":{"start":{"line":7,"column":4},"end":{"line":7,"column":21}},"1":{"start":{"line":8,"column":4},"end":{"line":8,"column":23}},"2":{"start":{"line":9,"column":4},"end":{"line":9,"column":38}}},"fnMap":{"0":{"name":"(anonymous_0)","decl":{"start":{"line":6,"column":2},"end":{"line":6,"column":3}},"loc":{"start":{"line":6,"column":59},"end":{"line":10,"column":3}},"line":6}},"branchMap":{"0":{"loc":{"start":{"line":9,"column":14},"end":{"line":9,"column":38}},"type":"binary-expr","locations":[{"start":{"line":9,"column":14},"end":{"line":9,"column":16}},{"start":{"line":9,"column":20},"end":{"line":9,"column":38}}],"line":9}},"s":{"0":6,"1":6,"2":6},"f":{"0":6},"b":{"0":[6,0]},"_coverageSchema":"1a1c01bbd47fc00a2c39e90264f33305004495a9","hash":"7b80c54ce323535ed7cabf341ef5ad5dcc69cb17"}
,"/home/matt/Programming/board-game-engine/src/round/round-factory.js": {"path":"/home/matt/Programming/board-game-engine/src/round/round-factory.js","statementMap":{"0":{"start":{"line":4,"column":2},"end":{"line":6,"column":3}},"1":{"start":{"line":5,"column":4},"end":{"line":5,"column":53}}},"fnMap":{"0":{"name":"roundFactory","decl":{"start":{"line":3,"column":24},"end":{"line":3,"column":36}},"loc":{"start":{"line":3,"column":54},"end":{"line":7,"column":1}},"line":3}},"branchMap":{"0":{"loc":{"start":{"line":4,"column":2},"end":{"line":6,"column":3}},"type":"if","locations":[{"start":{"line":4,"column":2},"end":{"line":6,"column":3}},{"start":{},"end":{}}],"line":4}},"s":{"0":2,"1":2},"f":{"0":2},"b":{"0":[2,0]},"_coverageSchema":"1a1c01bbd47fc00a2c39e90264f33305004495a9","hash":"e977469b7849b281a3fbe3c8cf7b5cc8420b17d4"}
,"/home/matt/Programming/board-game-engine/src/round/round.js": {"path":"/home/matt/Programming/board-game-engine/src/round/round.js","statementMap":{"0":{"start":{"line":3,"column":14},"end":{"line":3,"column":18}},"1":{"start":{"line":7,"column":4},"end":{"line":7,"column":22}},"2":{"start":{"line":8,"column":4},"end":{"line":8,"column":20}},"3":{"start":{"line":9,"column":4},"end":{"line":9,"column":21}},"4":{"start":{"line":10,"column":4},"end":{"line":10,"column":32}},"5":{"start":{"line":11,"column":4},"end":{"line":13,"column":5}},"6":{"start":{"line":12,"column":6},"end":{"line":12,"column":42}},"7":{"start":{"line":17,"column":4},"end":{"line":26,"column":5}},"8":{"start":{"line":18,"column":6},"end":{"line":25,"column":7}},"9":{"start":{"line":19,"column":8},"end":{"line":19,"column":43}},"10":{"start":{"line":20,"column":8},"end":{"line":20,"column":21}},"11":{"start":{"line":22,"column":8},"end":{"line":24,"column":9}},"12":{"start":{"line":23,"column":10},"end":{"line":23,"column":17}},"13":{"start":{"line":27,"column":4},"end":{"line":27,"column":71}},"14":{"start":{"line":31,"column":4},"end":{"line":31,"column":69}},"15":{"start":{"line":32,"column":4},"end":{"line":32,"column":24}},"16":{"start":{"line":33,"column":4},"end":{"line":33,"column":36}},"17":{"start":{"line":37,"column":4},"end":{"line":37,"column":15}}},"fnMap":{"0":{"name":"(anonymous_0)","decl":{"start":{"line":6,"column":2},"end":{"line":6,"column":3}},"loc":{"start":{"line":6,"column":28},"end":{"line":14,"column":3}},"line":6},"1":{"name":"(anonymous_1)","decl":{"start":{"line":11,"column":38},"end":{"line":11,"column":39}},"loc":{"start":{"line":12,"column":6},"end":{"line":12,"column":42}},"line":12},"2":{"name":"(anonymous_2)","decl":{"start":{"line":16,"column":2},"end":{"line":16,"column":3}},"loc":{"start":{"line":16,"column":35},"end":{"line":28,"column":3}},"line":16},"3":{"name":"(anonymous_3)","decl":{"start":{"line":30,"column":2},"end":{"line":30,"column":3}},"loc":{"start":{"line":30,"column":27},"end":{"line":34,"column":3}},"line":30},"4":{"name":"(anonymous_4)","decl":{"start":{"line":36,"column":2},"end":{"line":36,"column":3}},"loc":{"start":{"line":36,"column":12},"end":{"line":38,"column":3}},"line":36},"5":{"name":"(anonymous_5)","decl":{"start":{"line":40,"column":2},"end":{"line":40,"column":3}},"loc":{"start":{"line":40,"column":19},"end":{"line":40,"column":21}},"line":40}},"branchMap":{"0":{"loc":{"start":{"line":22,"column":8},"end":{"line":24,"column":9}},"type":"if","locations":[{"start":{"line":22,"column":8},"end":{"line":24,"column":9}},{"start":{},"end":{}}],"line":22}},"s":{"0":1,"1":2,"2":2,"3":2,"4":2,"5":2,"6":2,"7":1,"8":1,"9":1,"10":1,"11":0,"12":0,"13":0,"14":1,"15":1,"16":1,"17":0},"f":{"0":2,"1":2,"2":1,"3":1,"4":0,"5":0},"b":{"0":[0,0]},"_coverageSchema":"1a1c01bbd47fc00a2c39e90264f33305004495a9","hash":"873b362215db0593baaebe4c15ed27b4e2f6f726"}
,"/home/matt/Programming/board-game-engine/src/round/sequential-player-turn.js": {"path":"/home/matt/Programming/board-game-engine/src/round/sequential-player-turn.js","statementMap":{"0":{"start":{"line":5,"column":4},"end":{"line":5,"column":23}},"1":{"start":{"line":6,"column":4},"end":{"line":6,"column":32}},"2":{"start":{"line":10,"column":4},"end":{"line":10,"column":87}},"3":{"start":{"line":14,"column":4},"end":{"line":16,"column":6}},"4":{"start":{"line":15,"column":6},"end":{"line":15,"column":44}},"5":{"start":{"line":15,"column":31},"end":{"line":15,"column":43}}},"fnMap":{"0":{"name":"(anonymous_0)","decl":{"start":{"line":4,"column":2},"end":{"line":4,"column":3}},"loc":{"start":{"line":4,"column":27},"end":{"line":7,"column":3}},"line":4},"1":{"name":"(anonymous_1)","decl":{"start":{"line":9,"column":2},"end":{"line":9,"column":3}},"loc":{"start":{"line":9,"column":18},"end":{"line":11,"column":3}},"line":9},"2":{"name":"(anonymous_2)","decl":{"start":{"line":13,"column":2},"end":{"line":13,"column":3}},"loc":{"start":{"line":13,"column":11},"end":{"line":17,"column":3}},"line":13},"3":{"name":"(anonymous_3)","decl":{"start":{"line":14,"column":35},"end":{"line":14,"column":36}},"loc":{"start":{"line":15,"column":6},"end":{"line":15,"column":44}},"line":15},"4":{"name":"(anonymous_4)","decl":{"start":{"line":15,"column":24},"end":{"line":15,"column":25}},"loc":{"start":{"line":15,"column":31},"end":{"line":15,"column":43}},"line":15}},"branchMap":{},"s":{"0":2,"1":2,"2":1,"3":1,"4":1,"5":1},"f":{"0":2,"1":1,"2":1,"3":1,"4":1},"b":{},"_coverageSchema":"1a1c01bbd47fc00a2c39e90264f33305004495a9","hash":"7263266e831ceb8d966ecc1fc6ad054e35f80e42"}
,"/home/matt/Programming/board-game-engine/src/space/space.ts": {"path":"/home/matt/Programming/board-game-engine/src/space/space.ts","statementMap":{"0":{"start":{"line":10,"column":4},"end":{"line":10,"column":35}},"1":{"start":{"line":11,"column":4},"end":{"line":11,"column":33}},"2":{"start":{"line":12,"column":4},"end":{"line":12,"column":32}},"3":{"start":{"line":16,"column":4},"end":{"line":16,"column":28}},"4":{"start":{"line":20,"column":4},"end":{"line":20,"column":36}}},"fnMap":{"0":{"name":"(anonymous_0)","decl":{"start":{"line":9,"column":2},"end":{"line":9,"column":3}},"loc":{"start":{"line":9,"column":70},"end":{"line":13,"column":3}},"line":9},"1":{"name":"(anonymous_1)","decl":{"start":{"line":15,"column":2},"end":{"line":15,"column":3}},"loc":{"start":{"line":15,"column":33},"end":{"line":17,"column":3}},"line":15},"2":{"name":"(anonymous_2)","decl":{"start":{"line":19,"column":2},"end":{"line":19,"column":3}},"loc":{"start":{"line":19,"column":21},"end":{"line":21,"column":3}},"line":19}},"branchMap":{"0":{"loc":{"start":{"line":9,"column":40},"end":{"line":9,"column":68}},"type":"default-arg","locations":[{"start":{"line":9,"column":66},"end":{"line":9,"column":68}}],"line":9}},"s":{"0":18,"1":18,"2":18,"3":1,"4":1},"f":{"0":18,"1":1,"2":1},"b":{"0":[18]},"_coverageSchema":"1a1c01bbd47fc00a2c39e90264f33305004495a9","hash":"569e8ab88a7ed52ef2342ca1be0f0f1336c074b9"}
,"/home/matt/Programming/board-game-engine/src/utils/find-value-path.js": {"path":"/home/matt/Programming/board-game-engine/src/utils/find-value-path.js","statementMap":{"0":{"start":{"line":10,"column":2},"end":{"line":12,"column":3}},"1":{"start":{"line":11,"column":4},"end":{"line":11,"column":19}},"2":{"start":{"line":14,"column":2},"end":{"line":14,"column":19}},"3":{"start":{"line":16,"column":2},"end":{"line":18,"column":3}},"4":{"start":{"line":17,"column":4},"end":{"line":17,"column":29}},"5":{"start":{"line":20,"column":2},"end":{"line":34,"column":3}},"6":{"start":{"line":21,"column":4},"end":{"line":33,"column":5}},"7":{"start":{"line":22,"column":22},"end":{"line":22,"column":43}},"8":{"start":{"line":23,"column":21},"end":{"line":29,"column":7}},"9":{"start":{"line":30,"column":6},"end":{"line":32,"column":7}},"10":{"start":{"line":31,"column":8},"end":{"line":31,"column":33}},"11":{"start":{"line":36,"column":2},"end":{"line":36,"column":17}}},"fnMap":{"0":{"name":"findValuePath","decl":{"start":{"line":2,"column":24},"end":{"line":2,"column":37}},"loc":{"start":{"line":8,"column":2},"end":{"line":37,"column":1}},"line":8}},"branchMap":{"0":{"loc":{"start":{"line":5,"column":2},"end":{"line":5,"column":18}},"type":"default-arg","locations":[{"start":{"line":5,"column":16},"end":{"line":5,"column":18}}],"line":5},"1":{"loc":{"start":{"line":6,"column":2},"end":{"line":6,"column":21}},"type":"default-arg","locations":[{"start":{"line":6,"column":12},"end":{"line":6,"column":21}}],"line":6},"2":{"loc":{"start":{"line":7,"column":2},"end":{"line":7,"column":21}},"type":"default-arg","locations":[{"start":{"line":7,"column":12},"end":{"line":7,"column":21}}],"line":7},"3":{"loc":{"start":{"line":10,"column":2},"end":{"line":12,"column":3}},"type":"if","locations":[{"start":{"line":10,"column":2},"end":{"line":12,"column":3}},{"start":{},"end":{}}],"line":10},"4":{"loc":{"start":{"line":16,"column":2},"end":{"line":18,"column":3}},"type":"if","locations":[{"start":{"line":16,"column":2},"end":{"line":18,"column":3}},{"start":{},"end":{}}],"line":16},"5":{"loc":{"start":{"line":20,"column":2},"end":{"line":34,"column":3}},"type":"if","locations":[{"start":{"line":20,"column":2},"end":{"line":34,"column":3}},{"start":{},"end":{}}],"line":20},"6":{"loc":{"start":{"line":20,"column":6},"end":{"line":20,"column":45}},"type":"binary-expr","locations":[{"start":{"line":20,"column":6},"end":{"line":20,"column":29}},{"start":{"line":20,"column":33},"end":{"line":20,"column":45}}],"line":20},"7":{"loc":{"start":{"line":30,"column":6},"end":{"line":32,"column":7}},"type":"if","locations":[{"start":{"line":30,"column":6},"end":{"line":32,"column":7}},{"start":{},"end":{}}],"line":30}},"s":{"0":0,"1":0,"2":0,"3":0,"4":0,"5":0,"6":0,"7":0,"8":0,"9":0,"10":0,"11":0},"f":{"0":0},"b":{"0":[0],"1":[0],"2":[0],"3":[0,0],"4":[0,0],"5":[0,0],"6":[0,0],"7":[0,0]},"_coverageSchema":"1a1c01bbd47fc00a2c39e90264f33305004495a9","hash":"6396d83c32ee8a8e05801afb590dd5bc77af204a"}
[...]
":{"line":21,"column":6},"end":{"line":26,"column":7}},"12":{"start":{"line":22,"column":8},"end":{"line":25,"column":9}},"13":{"start":{"line":23,"column":24},"end":{"line":23,"column":36}},"14":{"start":{"line":24,"column":10},"end":{"line":24,"column":33}},"15":{"start":{"line":24,"column":21},"end":{"line":24,"column":33}},"16":{"start":{"line":29,"column":4},"end":{"line":32,"column":5}},"17":{"start":{"line":30,"column":20},"end":{"line":30,"column":33}},"18":{"start":{"line":31,"column":6},"end":{"line":31,"column":29}},"19":{"start":{"line":31,"column":17},"end":{"line":31,"column":29}},"20":{"start":{"line":34,"column":4},"end":{"line":34,"column":15}},"21":{"start":{"line":37,"column":2},"end":{"line":37,"column":26}}},"fnMap":{"0":{"name":"resolveBoard","decl":{"start":{"line":3,"column":24},"end":{"line":3,"column":36}},"loc":{"start":{"line":3,"column":56},"end":{"line":38,"column":1}},"line":3},"1":{"name":"search","decl":{"start":{"line":11,"column":11},"end":{"line":11,"column":17}},"loc":{"start":{"line":11,"column":25},"end":{"line":35,"column":3}},"line":11}},"branchMap":{"0":{"loc":{"start":{"line":5,"column":2},"end":{"line":7,"column":3}},"type":"if","locations":[{"start":{"line":5,"column":2},"end":{"line":7,"column":3}},{"start":{},"end":{}}],"line":5},"1":{"loc":{"start":{"line":12,"column":4},"end":{"line":12,"column":54}},"type":"if","locations":[{"start":{"line":12,"column":4},"end":{"line":12,"column":54}},{"start":{},"end":{}}],"line":12},"2":{"loc":{"start":{"line":12,"column":8},"end":{"line":12,"column":41}},"type":"binary-expr","locations":[{"start":{"line":12,"column":8},"end":{"line":12,"column":13}},{"start":{"line":12,"column":17},"end":{"line":12,"column":41}}],"line":12},"3":{"loc":{"start":{"line":15,"column":4},"end":{"line":15,"column":38}},"type":"if","locations":[{"start":{"line":15,"column":4},"end":{"line":15,"column":38}},{"start":{},"end":{}}],"line":15},"4":{"loc":{"start":{"line":18,"column":4},"end":{"line":18,"column":41}},"type":"if","locations":[{"start":{"line":18,"column":4},"end":{"line":18,"column":41}},{"start":{},"end":{}}],"line":18},"5":{"loc":{"start":{"line":20,"column":4},"end":{"line":27,"column":5}},"type":"if","locations":[{"start":{"line":20,"column":4},"end":{"line":27,"column":5}},{"start":{},"end":{}}],"line":20},"6":{"loc":{"start":{"line":20,"column":8},"end":{"line":20,"column":45}},"type":"binary-expr","locations":[{"start":{"line":20,"column":8},"end":{"line":20,"column":17}},{"start":{"line":20,"column":21},"end":{"line":20,"column":45}}],"line":20},"7":{"loc":{"start":{"line":24,"column":10},"end":{"line":24,"column":33}},"type":"if","locations":[{"start":{"line":24,"column":10},"end":{"line":24,"column":33}},{"start":{},"end":{}}],"line":24},"8":{"loc":{"start":{"line":31,"column":6},"end":{"line":31,"column":29}},"type":"if","locations":[{"start":{"line":31,"column":6},"end":{"line":31,"column":29}},{"start":{},"end":{}}],"line":31}},"s":{"0":5,"1":3,"2":2,"3":26,"4":12,"5":14,"6":0,"7":14,"8":14,"9":2,"10":12,"11":0,"12":0,"13":0,"14":0,"15":0,"16":12,"17":24,"18":24,"19":4,"20":8,"21":2},"f":{"0":5,"1":26},"b":{"0":[3,2],"1":[12,14],"2":[26,22],"3":[0,14],"4":[2,12],"5":[0,12],"6":[12,2],"7":[0,0],"8":[4,20]},"_coverageSchema":"1a1c01bbd47fc00a2c39e90264f33305004495a9","hash":"2e883b98c6258fc9a38bdb7afef4222fe86610cc"}
,"/home/matt/Programming/board-game-engine/src/utils/resolve-piece.ts": {"path":"/home/matt/Programming/board-game-engine/src/utils/resolve-piece.ts","statementMap":{"0":{"start":{"line":5,"column":2},"end":{"line":23,"column":3}},"1":{"start":{"line":6,"column":18},"end":{"line":6,"column":67}},"2":{"start":{"line":7,"column":4},"end":{"line":21,"column":5}},"3":{"start":{"line":8,"column":19},"end":{"line":8,"column":30}},"4":{"start":{"line":9,"column":6},"end":{"line":9,"column":26}},"5":{"start":{"line":9,"column":17},"end":{"line":9,"column":26}},"6":{"start":{"line":11,"column":6},"end":{"line":20,"column":7}},"7":{"start":{"line":12,"column":8},"end":{"line":12,"column":28}},"8":{"start":{"line":13,"column":13},"end":{"line":20,"column":7}},"9":{"start":{"line":14,"column":8},"end":{"line":14,"column":56}},"10":{"start":{"line":14,"column":37},"end":{"line":14,"column":56}},"11":{"start":{"line":15,"column":13},"end":{"line":20,"column":7}},"12":{"start":{"line":16,"column":22},"end":{"line":16,"column":64}},"13":{"start":{"line":16,"column":46},"end":{"line":16,"column":63}},"14":{"start":{"line":17,"column":8},"end":{"line":17,"column":32}},"15":{"start":{"line":17,"column":19},"end":{"line":17,"column":32}},"16":{"start":{"line":18,"column":13},"end":{"line":20,"column":7}},"17":{"start":{"line":19,"column":8},"end":{"line":19,"column":43}},"18":{"start":{"line":22,"column":4},"end":{"line":22,"column":16}},"19":{"start":{"line":26,"column":2},"end":{"line":38,"column":3}},"20":{"start":{"line":27,"column":4},"end":{"line":31,"column":6}},"21":{"start":{"line":29,"column":8},"end":{"line":30,"column":102}},"22":{"start":{"line":33,"column":4},"end":{"line":37,"column":6}},"23":{"start":{"line":35,"column":8},"end":{"line":36,"column":55}},"24":{"start":{"line":39,"column":2},"end":{"line":41,"column":3}},"25":{"start":{"line":40,"column":4},"end":{"line":40,"column":62}},"26":{"start":{"line":42,"column":2},"end":{"line":42,"column":29}}},"fnMap":{"0":{"name":"resolvePiece","decl":{"start":{"line":3,"column":24},"end":{"line":3,"column":36}},"loc":{"start":{"line":3,"column":55},"end":{"line":43,"column":1}},"line":3},"1":{"name":"(anonymous_1)","decl":{"start":{"line":16,"column":39},"end":{"line":16,"column":40}},"loc":{"start":{"line":16,"column":46},"end":{"line":16,"column":63}},"line":16},"2":{"name":"(anonymous_2)","decl":{"start":{"line":28,"column":6},"end":{"line":28,"column":7}},"loc":{"start":{"line":29,"column":8},"end":{"line":30,"column":102}},"line":29},"3":{"name":"(anonymous_3)","decl":{"start":{"line":34,"column":6},"end":{"line":34,"column":7}},"loc":{"start":{"line":35,"column":8},"end":{"line":36,"column":55}},"line":35}},"branchMap":{"0":{"loc":{"start":{"line":5,"column":2},"end":{"line":23,"column":3}},"type":"if","locations":[{"start":{"line":5,"column":2},"end":{"line":23,"column":3}},{"start":{},"end":{}}],"line":5},"1":{"loc":{"start":{"line":9,"column":6},"end":{"line":9,"column":26}},"type":"if","locations":[{"start":{"line":9,"column":6},"end":{"line":9,"column":26}},{"start":{},"end":{}}],"line":9},"2":{"loc":{"start":{"line":11,"column":6},"end":{"line":20,"column":7}},"type":"if","locations":[{"start":{"line":11,"column":6},"end":{"line":20,"column":7}},{"start":{"line":13,"column":13},"end":{"line":20,"column":7}}],"line":11},"3":{"loc":{"start":{"line":13,"column":13},"end":{"line":20,"column":7}},"type":"if","locations":[{"start":{"line":13,"column":13},"end":{"line":20,"column":7}},{"start":{"line":15,"column":13},"end":{"line":20,"column":7}}],"line":13},"4":{"loc":{"start":{"line":15,"column":13},"end":{"line":20,"column":7}},"type":"if","locations":[{"start":{"line":15,"column":13},"end":{"line":20,"column":7}},{"start":{"line":18,"column":13},"end":{"line":20,"column":7}}],"line":15},"5":{"loc":{"start":{"line":15,"column":17},"end":{"line":15,"column":48}},"type":"binary-expr","locations":[{"start":{"line":15,"column":17},"end":{"line":15,"column":33}},{"start":{"line":15,"column":37},"end":{"line":15,"column":48}}],"line":15},"6":{"loc":{"start":{"line":17,"column":8},"end":{"line":17,"column":32}},"type":"if","locations":[{"start":{"line":17,"column":8},"end":{"line":17,"column":32}},{"start":{},"end":{}}],"line":17},"7":{"loc":{"start":{"line":18,"column":13},"end":{"line":20,"column":7}},"type":"if","locations":[{"start":{"line":18,"column":13},"end":{"line":20,"column":7}},{"start":{},"end":{}}],"line":18},"8":{"loc":{"start":{"line":26,"column":2},"end":{"line":38,"column":3}},"type":"if","locations":[{"start":{"line":26,"column":2},"end":{"line":38,"column":3}},{"start":{"line":32,"column":9},"end":{"line":38,"column":3}}],"line":26},"9":{"loc":{"start":{"line":29,"column":8},"end":{"line":30,"column":102}},"type":"binary-expr","locations":[{"start":{"line":29,"column":8},"end":{"line":29,"column":33}},{"start":{"line":30,"column":9},"end":{"line":30,"column":18}},{"start":{"line":30,"column":22},"end":{"line":30,"column":101}}],"line":29},"10":{"loc":{"start":{"line":35,"column":8},"end":{"line":36,"column":55}},"type":"binary-expr","locations":[{"start":{"line":35,"column":8},"end":{"line":35,"column":29}},{"start":{"line":36,"column":9},"end":{"line":36,"column":18}},{"start":{"line":36,"column":22},"end":{"line":36,"column":54}}],"line":35},"11":{"loc":{"start":{"line":39,"column":2},"end":{"line":41,"column":3}},"type":"if","locations":[{"start":{"line":39,"column":2},"end":{"line":41,"column":3}},{"start":{},"end":{}}],"line":39}},"s":{"0":2,"1":0,"2":0,"3":0,"4":0,"5":0,"6":0,"7":0,"8":0,"9":0,"10":0,"11":0,"12":0,"13":0,"14":0,"15":0,"16":0,"17":0,"18":0,"19":2,"20":2,"21":2,"22":0,"23":0,"24":2,"25":0,"26":2},"f":{"0":2,"1":0,"2":2,"3":0},"b":{"0":[0,2],"1":[0,0],"2":[0,0],"3":[0,0],"4":[0,0],"5":[0,0],"6":[0,0],"7":[0,0],"8":[2,0],"9":[2,2,2],"10":[0,0,0],"11":[0,2]},"_coverageSchema":"1a1c01bbd47fc00a2c39e90264f33305004495a9","hash":"ecd603295ac964cea3d2010ed6ae6035620843b9"}
,"/home/matt/Programming/board-game-engine/src/wackson/wackson.js": {"path":"/home/matt/Programming/board-game-engine/src/wackson/wackson.js","statementMap":{"0":{"start":{"line":3,"column":20},"end":{"line":3,"column":33}},"1":{"start":{"line":5,"column":2},"end":{"line":17,"column":11}},"2":{"start":{"line":6,"column":4},"end":{"line":6,"column":55}},"3":{"start":{"line":6,"column":49},"end":{"line":6,"column":55}},"4":{"start":{"line":8,"column":4},"end":{"line":12,"column":5}},"5":{"start":{"line":8,"column":29},"end":{"line":8,"column":50}},"6":{"start":{"line":10,"column":6},"end":{"line":10,"column":48}},"7":{"start":{"line":11,"column":6},"end":{"line":11,"column":12}},"8":{"start":{"line":14,"column":4},"end":{"line":16,"column":5}},"9":{"start":{"line":15,"column":6},"end":{"line":15,"column":25}},"10":{"start":{"line":20,"column":16},"end":{"line":20,"column":29}},"11":{"start":{"line":21,"column":18},"end":{"line":21,"column":19}},"12":{"start":{"line":23,"column":2},"end":{"line":45,"column":4}},"13":{"start":{"line":24,"column":4},"end":{"line":42,"column":5}},"14":{"start":{"line":25,"column":6},"end":{"line":27,"column":7}},"15":{"start":{"line":26,"column":8},"end":{"line":26,"column":55}},"16":{"start":{"line":29,"column":19},"end":{"line":29,"column":67}},"17":{"start":{"line":31,"column":6},"end":{"line":35,"column":7}},"18":{"start":{"line":32,"column":26},"end":{"line":32,"column":37}},"19":{"start":{"line":33,"column":8},"end":{"line":33,"column":35}},"20":{"start":{"line":34,"column":8},"end":{"line":34,"column":45}},"21":{"start":{"line":37,"column":6},"end":{"line":39,"column":7}},"22":{"start":{"line":38,"column":8},"end":{"line":38,"column":53}},"23":{"start":{"line":41,"column":6},"end":{"line":41,"column":17}},"24":{"start":{"line":44,"column":4},"end":{"line":44,"column":16}},"25":{"start":{"line":49,"column":17},"end":{"line":49,"column":39}},"26":{"start":{"line":50,"column":16},"end":{"line":50,"column":25}},"27":{"start":{"line":53,"column":2},"end":{"line":74,"column":13}},"28":{"start":{"line":54,"column":4},"end":{"line":54,"column":55}},"29":{"start":{"line":54,"column":49},"end":{"line":54,"column":55}},"30":{"start":{"line":56,"column":4},"end":{"line":60,"column":5}},"31":{"start":{"line":57,"column":17},"end":{"line":57,"column":41}},"32":{"start":{"line":58,"column":6},"end":{"line":58,"column":37}},"33":{"start":{"line":59,"column":6},"end":{"line":59,"column":24}},"34":{"start":{"line":62,"column":4},"end":{"line":69,"column":5}},"35":{"start":{"line":63,"column":26},"end":{"line":63,"column":55}},"36":{"start":{"line":64,"column":6},"end":{"line":66,"column":7}},"37":{"start":{"line":65,"column":8},"end":{"line":65,"column":80}},"38":{"start":{"line":67,"column":6},"end":{"line":67,"column":55}},"39":{"start":{"line":68,"column":6},"end":{"line":68,"column":32}},"40":{"start":{"line":71,"column":4},"end":{"line":73,"column":5}},"41":{"start":{"line":72,"column":6},"end":{"line":72,"column":45}},"42":{"start":{"line":77,"column":2},"end":{"line":92,"column":12}},"43":{"start":{"line":78,"column":4},"end":{"line":78,"column":55}},"44":{"start":{"line":78,"column":49},"end":{"line":78,"column":55}},"45":{"start":{"line":80,"column":4},"end":{"line":91,"column":5}},"46":{"start":{"line":81,"column":20},"end":{"line":81,"column":28}},"47":{"start":{"line":82,"column":6},"end":{"line":90,"column":7}},"48":{"start":{"line":83,"column":20},"end":{"line":83,"column":55}},"49":{"start":{"line":84,"column":8},"end":{"line":86,"column":9}},"50":{"start":{"line":85,"column":10},"end":{"line":85,"column":84}},"51":{"start":{"line":87,"column":8},"end":{"line":87,"column":22}},"52":{"start":{"line":88,"column":13},"end":{"line":90,"column":7}},"53":{"start":{"line":89,"column":8},"end":{"line":89,"column":32}},"54":{"start":{"line":94,"column":2},"end":{"line":94,"column":15}}},"fnMap":{"0":{"name":"serialize","decl":{"start":{"line":1,"column":16},"end":{"line":1,"column":25}},"loc":{"start":{"line":1,"column":34},"end":{"line":46,"column":1}},"line":1},"1":{"name":"countRefs","decl":{"start":{"line":5,"column":12},"end":{"line":5,"column":21}},"loc":{"start":{"line":5,"column":28},"end":{"line":17,"column":3}},"line":5},"2":{"name":"(anonymous_2)","decl":{"start":{"line":23,"column":31},"end":{"line":23,"column":32}},"loc":{"start":{"line":23,"column":47},"end":{"line":45,"column":3}},"line":23},"3":{"name":"deserialize","decl":{"start":{"line":48,"column":16},"end":{"line":48,"column":27}},"loc":{"start":{"line":48,"column":51},"end":{"line":95,"column":1}},"line":48},"4":{"name":"gatherIdsAndRestorePrototypes","decl":{"start":{"line":53,"column":12},"end":{"line":53,"column":41}},"loc":{"start":{"line":53,"column":48},"end":{"line":74,"column":3}},"line":53},"5":{"name":"replaceReferences","decl":{"start":{"line":77,"column":12},"end":{"line":77,"column":29}},"loc":{"start":{"line":77,"column":36},"end":{"line":92,"column":3}},"line":77}},"branchMap":{"0":{"loc":{"start":{"line":6,"column":4},"end":{"line":6,"column":55}},"type":"if","locations":[{"start":{"line":6,"column":4},"end":{"line":6,"column":55}},{"start":{},"end":{}}],"line":6},"1":{"loc":{"start":{"line":6,"column":8},"end":{"line":6,"column":47}},"type":"binary-expr","locations":[{"start":{"line":6,"column":8},"end":{"line":6,"column":31}},{"start":{"line":6,"column":35},"end":{"line":6,"column":47}}],"line":6},"2":{"loc":{"start":{"line":8,"column":4},"end":{"line":12,"column":5}},"type":"if","locations":[{"start":{"line":8,"column":4},"end":{"line":12,"column":5}},{"start":{"line":9,"column":9},"end":{"line":12,"column":5}}],"line":8},"3":{"loc":{"start":{"line":24,"column":4},"end":{"line":42,"column":5}},"type":"if","locations":[{"start":{"line":24,"column":4},"end":{"line":42,"column":5}},{"start":{},"end":{}}],"line":24},"4":{"loc":{"start":{"line":24,"column":8},"end":{"line":24,"column":51}},"type":"binary-expr","locations":[{"start":{"line":24,"column":8},"end":{"line":24,"column":33}},{"start":{"line":24,"column":37},"end":{"line":24,"column":51}}],"line":24},"5":{"loc":{"start":{"line":25,"column":6},"end":{"line":27,"column":7}},"type":"if","locations":[{"start":{"line":25,"column":6},"end":{"line":27,"column":7}},{"start":{},"end":{}}],"line":25},"6":{"loc":{"start":{"line":29,"column":19},"end":{"line":29,"column":67}},"type":"cond-expr","locations":[{"start":{"line":29,"column":42},"end":{"line":29,"column":52}},{"start":{"line":29,"column":55},"end":{"line":29,"column":67}}],"line":29},"7":{"loc":{"start":{"line":31,"column":6},"end":{"line":35,"column":7}},"type":"if","locations":[{"start":{"line":31,"column":6},"end":{"line":35,"column":7}},{"start":{},"end":{}}],"line":31},"8":{"loc":{"start":{"line":37,"column":6},"end":{"line":39,"column":7}},"type":"if","locations":[{"start":{"line":37,"column":6},"end":{"line":39,"column":7}},{"start":{},"end":{}}],"line":37},"9":{"loc":{"start":{"line":37,"column":10},"end":{"line":37,"column":69}},"type":"binary-expr","locations":[{"start":{"line":37,"column":10},"end":{"line":37,"column":38}},{"start":{"line":37,"column":42},"end":{"line":37,"column":69}}],"line":37},"10":{"loc":{"start":{"line":54,"column":4},"end":{"line":54,"column":55}},"type":"if","locations":[{"start":{"line":54,"column":4},"end":{"line":54,"column":55}},{"start":{},"end":{}}],"line":54},"11":{"loc":{"start":{"line":54,"column":8},"end":{"line":54,"column":47}},"type":"binary-expr","locations":[{"start":{"line":54,"column":8},"end":{"line":54,"column":31}},{"start":{"line":54,"column":35},"end":{"line":54,"column":47}}],"line":54},"12":{"loc":{"start":{"line":56,"column":4},"end":{"line":60,"column":5}},"type":"if","locations":[{"start":{"line":56,"column":4},"end":{"line":60,"column":5}},{"start":{},"end":{}}],"line":56},"13":{"loc":{"start":{"line":62,"column":4},"end":{"line":69,"column":5}},"type":"if","locations":[{"start":{"line":62,"column":4},"end":{"line":69,"column":5}},{"start":{},"end":{}}],"line":62},"14":{"loc":{"start":{"line":62,"column":8},"end":{"line":62,"column":39}},"type":"binary-expr","locations":[{"start":{"line":62,"column":8},"end":{"line":62,"column":16}},{"start":{"line":62,"column":20},"end":{"line":62,"column":39}}],"line":62},"15":{"loc":{"start":{"line":64,"column":6},"end":{"line":66,"column":7}},"type":"if","locations":[{"start":{"line":64,"column":6},"end":{"line":66,"column":7}},{"start":{},"end":{}}],"line":64},"16":{"loc":{"start":{"line":78,"column":4},"end":{"line":78,"column":55}},"type":"if","locations":[{"start":{"line":78,"column":4},"end":{"line":78,"column":55}},{"start":{},"end":{}}],"line":78},"17":{"loc":{"start":{"line":78,"column":8},"end":{"line":78,"column":47}},"type":"binary-expr","locations":[{"start":{"line":78,"column":8},"end":{"line":78,"column":31}},{"start":{"line":78,"column":35},"end":{"line":78,"column":47}}],"line":78},"18":{"loc":{"start":{"line":82,"column":6},"end":{"line":90,"column":7}},"type":"if","locations":[{"start":{"line":82,"column":6},"end":{"line":90,"column":7}},{"start":{"line":88,"column":13},"end":{"line":90,"column":7}}],"line":82},"19":{"loc":{"start":{"line":84,"column":8},"end":{"line":86,"column":9}},"type":"if","locations":[{"start":{"line":84,"column":8},"end":{"line":86,"column":9}},{"start":{},"end":{}}],"line":84},"20":{"loc":{"start":{"line":88,"column":13},"end":{"line":90,"column":7}},"type":"if","locations":[{"start":{"line":88,"column":13},"end":{"line":90,"column":7}},{"start":{},"end":{}}],"line":88},"21":{"loc":{"start":{"line":88,"column":17},"end":{"line":88,"column":60}},"type":"binary-expr","locations":[{"start":{"line":88,"column":17},"end":{"line":88,"column":42}},{"start":{"line":88,"column":46},"end":{"line":88,"column":60}}],"line":88}},"s":{"0":9,"1":9,"2":526,"3":238,"4":288,"5":241,"6":47,"7":47,"8":241,"9":517,"10":9,"11":9,"12":9,"13":661,"14":288,"15":47,"16":241,"17":241,"18":18,"19":18,"20":18,"21":241,"22":70,"23":241,"24":373,"25":9,"26":9,"27":9,"28":225,"29":109,"30":116,"31":6,"32":6,"33":6,"34":116,"35":27,"36":27,"37":0,"38":27,"39":27,"40":116,"41":216,"42":9,"43":101,"44":0,"45":101,"46":201,"47":201,"48":15,"49":15,"50":0,"51":15,"52":186,"53":92,"54":9},"f":{"0":9,"1":526,"2":661,"3":9,"4":225,"5":101},"b":{"0":[238,288],"1":[526,297],"2":[241,47],"3":[288,373],"4":[661,297],"5":[47,241],"6":[106,135],"7":[18,223],"8":[70,171],"9":[241,176],"10":[109,116],"11":[225,125],"12":[6,110],"13":[27,89],"14":[116,116],"15":[0,27],"16":[0,101],"17":[101,101],"18":[15,186],"19":[0,15],"20":[92,94],"21":[186,101]},"_coverageSchema":"1a1c01bbd47fc00a2c39e90264f33305004495a9","hash":"d081db4167a42d6071471fa6ea921b7f1e659eb2"}
}
