TN:
SF:src/index.ts
FNF:0
FNH:0
LF:0
LH:0
BRF:0
BRH:0
end_of_record
TN:
SF:src/registry.ts
FNF:0
FNH:0
DA:26,1
LF:1
LH:1
BRF:0
BRH:0
end_of_record
TN:
SF:src/action/action-factory.js
FN:5,actionFactory
FNF:1
FNH:1
FNDA:2,actionFactory
DA:6,2
DA:7,2
DA:8,0
DA:9,0
DA:10,0
DA:11,0
LF:6
LH:2
BRDA:6,0,0,2
BRDA:6,0,1,0
BRDA:8,1,0,0
BRDA:8,1,1,0
BRDA:10,2,0,0
BRDA:10,2,1,0
BRF:6
BRH:1
end_of_record
TN:
SF:src/action/action.js
FN:4,(anonymous_0)
FN:18,(anonymous_1)
FN:21,(anonymous_2)
FN:23,(anonymous_3)
FN:33,(anonymous_4)
FNF:5
FNH:4
FNDA:2,(anonymous_0)
FNDA:8,(anonymous_1)
FNDA:1,(anonymous_2)
FNDA:4,(anonymous_3)
FNDA:0,(anonymous_4)
DA:5,2
DA:6,2
DA:7,2
DA:9,2
DA:15,2
DA:18,8
DA:22,1
DA:23,4
DA:25,1
DA:26,0
DA:27,0
DA:28,0
DA:29,0
LF:13
LH:9
BRDA:17,0,0,2
BRDA:17,0,1,0
BRDA:25,1,0,0
BRDA:25,1,1,1
BRF:4
BRH:2
end_of_record
TN:
SF:src/action/move-piece-action.js
FN:6,(anonymous_0)
FNF:1
FNH:1
FNDA:1,(anonymous_0)
DA:7,1
DA:8,1
DA:9,1
LF:3
LH:3
BRF:0
BRH:0
end_of_record
TN:
SF:src/action/select-piece-action.js
FN:4,(anonymous_0)
FN:7,(anonymous_1)
FN:15,(anonymous_2)
FN:16,(anonymous_3)
FNF:4
FNH:0
FNDA:0,(anonymous_0)
FNDA:0,(anonymous_1)
FNDA:0,(anonymous_2)
FNDA:0,(anonymous_3)
DA:5,0
DA:9,0
DA:10,0
DA:13,0
DA:14,0
DA:15,0
DA:16,0
DA:19,0
LF:8
LH:0
BRDA:9,0,0,0
BRDA:9,0,1,0
BRDA:13,1,0,0
BRDA:13,1,1,0
BRF:4
BRH:0
end_of_record
TN:
SF:src/action/swap-action.js
FN:4,(anonymous_0)
FN:8,(anonymous_1)
FN:9,(anonymous_2)
FNF:3
FNH:0
FNDA:0,(anonymous_0)
FNDA:0,(anonymous_1)
FNDA:0,(anonymous_2)
DA:6,0
DA:7,0
DA:8,0
DA:9,0
DA:12,0
LF:5
LH:0
BRDA:6,0,0,0
BRDA:6,0,1,0
BRF:2
BRH:0
end_of_record
TN:
SF:src/board/board-factory.js
FN:4,boardFactory
FNF:1
FNH:1
FNDA:2,boardFactory
DA:5,2
DA:6,2
DA:7,0
DA:8,0
DA:10,0
LF:5
LH:2
BRDA:5,0,0,2
BRDA:5,0,1,0
BRDA:7,1,0,0
BRDA:7,1,1,0
BRF:4
BRH:1
end_of_record
TN:
SF:src/board/board-group.js
FN:4,(anonymous_0)
FN:5,(anonymous_1)
FNF:2
FNH:0
FNDA:0,(anonymous_0)
FNDA:0,(anonymous_1)
DA:5,0
DA:6,0
LF:2
LH:0
BRF:0
BRH:0
end_of_record
TN:
SF:src/board/board.js
FN:2,(anonymous_0)
FN:10,(anonymous_1)
FNF:2
FNH:1
FNDA:2,(anonymous_0)
FNDA:0,(anonymous_1)
DA:3,2
DA:4,2
DA:5,2
DA:6,0
LF:4
LH:3
BRDA:2,0,0,2
BRDA:5,1,0,0
BRDA:5,1,1,2
BRF:3
BRH:2
end_of_record
TN:
SF:src/board/grid.js
FN:6,(anonymous_0)
FN:11,(anonymous_1)
FN:23,(anonymous_2)
FN:27,(anonymous_3)
FN:31,(anonymous_4)
FN:36,makeGrid
FNF:6
FNH:5
FNDA:2,(anonymous_0)
FNDA:0,(anonymous_1)
FNDA:2,(anonymous_2)
FNDA:1,(anonymous_3)
FNDA:1,(anonymous_4)
FNDA:2,makeGrid
DA:7,2
DA:8,2
DA:12,0
DA:13,0
DA:14,0
DA:15,0
DA:16,0
DA:20,0
DA:24,2
DA:28,1
DA:32,1
DA:37,2
DA:38,2
DA:39,2
DA:40,0
DA:43,2
DA:44,2
DA:45,6
DA:46,6
DA:47,18
DA:49,6
DA:51,2
LF:22
LH:15
BRDA:15,0,0,0
BRDA:15,0,1,0
BRDA:39,1,0,0
BRDA:39,1,1,2
BRDA:39,2,0,2
BRDA:39,2,1,2
BRF:6
BRH:3
end_of_record
TN:
SF:src/board/stack.js
FN:4,(anonymous_0)
FN:9,(anonymous_1)
FNF:2
FNH:0
FNDA:0,(anonymous_0)
FNDA:0,(anonymous_1)
DA:5,0
DA:6,0
DA:10,0
DA:13,0
LF:4
LH:0
BRDA:10,0,0,0
BRDA:10,0,1,0
BRF:2
BRH:0
end_of_record
TN:
SF:src/condition/action-type-matches-condition.js
FN:4,(anonymous_0)
FNF:1
FNH:1
FNDA:1,(anonymous_0)
DA:5,1
LF:1
LH:1
BRF:0
BRH:0
end_of_record
TN:
SF:src/condition/bingo-condition.js
FN:5,(anonymous_0)
FN:43,(anonymous_1)
FN:44,(anonymous_2)
FN:45,(anonymous_3)
FNF:4
FNH:4
FNDA:2,(anonymous_0)
FNDA:16,(anonymous_1)
FNDA:18,(anonymous_2)
FNDA:4,(anonymous_3)
DA:6,2
DA:9,2
DA:12,2
DA:13,6
DA:14,0
DA:19,2
DA:20,6
DA:21,6
DA:22,18
DA:24,6
DA:25,0
DA:30,2
DA:31,2
DA:32,2
DA:33,6
DA:34,6
DA:36,2
DA:37,0
DA:40,2
DA:44,16
DA:45,18
DA:46,4
LF:22
LH:19
BRDA:13,0,0,0
BRDA:13,0,1,6
BRDA:24,1,0,0
BRDA:24,1,1,6
BRDA:36,2,0,0
BRDA:36,2,1,2
BRDA:36,3,0,2
BRDA:36,3,1,2
BRF:8
BRH:5
end_of_record
TN:
SF:src/condition/blackout-condition.js
FN:5,(anonymous_0)
FN:7,(anonymous_1)
FN:7,(anonymous_2)
FNF:3
FNH:3
FNDA:1,(anonymous_0)
FNDA:1,(anonymous_1)
FNDA:1,(anonymous_2)
DA:6,1
DA:7,1
LF:2
LH:2
BRF:0
BRH:0
end_of_record
TN:
SF:src/condition/condition-factory.js
FN:11,conditionFactory
FNF:1
FNH:1
FNDA:11,conditionFactory
DA:12,11
DA:13,0
DA:14,11
DA:15,2
DA:16,9
DA:17,2
DA:18,7
DA:19,1
DA:20,6
DA:21,0
DA:22,6
DA:23,0
DA:24,6
DA:25,2
DA:26,4
DA:27,2
DA:28,2
DA:29,2
LF:18
LH:15
BRDA:12,0,0,0
BRDA:12,0,1,11
BRDA:14,1,0,2
BRDA:14,1,1,9
BRDA:16,2,0,2
BRDA:16,2,1,7
BRDA:18,3,0,1
BRDA:18,3,1,6
BRDA:20,4,0,0
BRDA:20,4,1,6
BRDA:22,5,0,0
BRDA:22,5,1,6
BRDA:24,6,0,2
BRDA:24,6,1,4
BRDA:26,7,0,2
BRDA:26,7,1,2
BRDA:28,8,0,2
BRDA:28,8,1,0
BRF:18
BRH:14
end_of_record
TN:
SF:src/condition/condition.js
FN:2,(anonymous_0)
FN:8,(anonymous_1)
FNF:2
FNH:1
FNDA:11,(anonymous_0)
FNDA:0,(anonymous_1)
DA:3,11
DA:4,11
DA:5,11
LF:3
LH:3
BRF:0
BRH:0
end_of_record
TN:
SF:src/condition/contains-condition.js
FN:5,(anonymous_0)
FN:11,(anonymous_1)
FNF:2
FNH:0
FNDA:0,(anonymous_0)
FNDA:0,(anonymous_1)
DA:6,0
DA:7,0
DA:8,0
DA:12,0
LF:4
LH:0
BRDA:12,0,0,0
BRDA:12,0,1,0
BRF:2
BRH:0
end_of_record
TN:
SF:src/condition/does-not-contain-condition.js
FN:6,(anonymous_0)
FN:12,(anonymous_1)
FNF:2
FNH:1
FNDA:1,(anonymous_0)
FNDA:0,(anonymous_1)
DA:7,1
DA:8,1
DA:9,1
DA:13,0
LF:4
LH:3
BRDA:13,0,0,0
BRDA:13,0,1,0
BRDA:13,1,0,0
BRDA:13,1,1,0
BRF:4
BRH:0
end_of_record
TN:
SF:src/condition/is-valid-player-condition.js
FN:4,(anonymous_0)
FNF:1
FNH:1
FNDA:1,(anonymous_0)
DA:5,1
LF:1
LH:1
BRF:0
BRH:0
end_of_record
TN:
SF:src/condition/piece-matches-condition.js
FN:6,(anonymous_0)
FNF:1
FNH:1
FNDA:1,(anonymous_0)
DA:7,1
DA:9,1
DA:10,0
DA:11,0
DA:14,1
DA:15,1
DA:18,1
DA:21,0
LF:8
LH:5
BRDA:9,0,0,0
BRDA:9,0,1,1
BRDA:9,1,0,1
BRDA:9,1,1,1
BRDA:14,2,0,1
BRDA:14,2,1,0
BRF:6
BRH:4
end_of_record
TN:
SF:src/condition/relative-move-condition.js
FN:5,(anonymous_0)
FN:11,(anonymous_1)
FNF:2
FNH:0
FNDA:0,(anonymous_0)
FNDA:0,(anonymous_1)
DA:6,0
DA:7,0
DA:8,0
DA:12,0
LF:4
LH:0
BRDA:13,0,0,0
BRDA:13,0,1,0
BRF:2
BRH:0
end_of_record
TN:
SF:src/condition/some-condition.js
FN:4,(anonymous_0)
FN:5,(anonymous_1)
FNF:2
FNH:0
FNDA:0,(anonymous_0)
FNDA:0,(anonymous_1)
DA:5,0
LF:1
LH:0
BRF:0
BRH:0
end_of_record
TN:
SF:src/game/game.ts
FN:57,initializeState
FN:60,(anonymous_1)
FN:68,(anonymous_2)
FN:71,(anonymous_3)
FN:84,(anonymous_4)
FN:88,(anonymous_5)
FN:96,(anonymous_6)
FN:98,(anonymous_7)
FN:124,checkWinner
FN:126,(anonymous_9)
FN:140,checkDraw
FN:146,expandActionPayload
FN:147,(anonymous_12)
FN:152,(anonymous_13)
FN:168,handlePlayerJoin
FN:176,handleStartGame
FN:184,makeMove
FN:258,doInitialPlacement
FN:275,(anonymous_18)
FN:281,getBoardPathContaining
FN:289,normalizePath
FN:298,getPiecePaths
FN:310,(anonymous_22)
FN:311,(anonymous_23)
FN:312,(anonymous_24)
FN:315,expandOptions
FN:323,expandRules
FN:328,addPathToRules
FN:331,annotate
FN:341,(anonymous_29)
FN:353,(anonymous_30)
FN:357,makeSerializable
FN:361,deserializeState
FNF:33
FNH:21
FNDA:2,initializeState
FNDA:2,(anonymous_1)
FNDA:4,(anonymous_2)
FNDA:0,(anonymous_3)
FNDA:2,(anonymous_4)
FNDA:4,(anonymous_5)
FNDA:0,(anonymous_6)
FNDA:0,(anonymous_7)
FNDA:1,checkWinner
FNDA:2,(anonymous_9)
FNDA:1,checkDraw
FNDA:1,expandActionPayload
FNDA:1,(anonymous_12)
FNDA:1,(anonymous_13)
FNDA:6,handlePlayerJoin
FNDA:2,handleStartGame
FNDA:13,makeMove
FNDA:0,doInitialPlacement
FNDA:0,(anonymous_18)
FNDA:0,getBoardPathContaining
FNDA:1,normalizePath
FNDA:0,getPiecePaths
FNDA:0,(anonymous_22)
FNDA:0,(anonymous_23)
FNDA:0,(anonymous_24)
FNDA:0,expandOptions
FNDA:2,expandRules
FNDA:2,addPathToRules
FNDA:4,annotate
FNDA:2,(anonymous_29)
FNDA:0,(anonymous_30)
FNDA:9,makeSerializable
FNDA:9,deserializeState
DA:58,2
DA:59,2
DA:60,2
DA:67,2
DA:68,4
DA:71,0
DA:84,2
DA:85,2
DA:86,2
DA:88,4
DA:91,0
DA:96,2
DA:97,0
DA:98,0
DA:99,0
DA:106,0
DA:114,2
DA:117,2
DA:119,2
DA:121,2
DA:125,1
DA:127,2
DA:134,2
DA:135,2
DA:141,1
DA:147,1
DA:148,1
DA:149,0
DA:152,1
DA:154,1
DA:155,1
DA:156,0
DA:159,1
DA:160,0
DA:163,1
DA:165,1
DA:169,6
DA:170,6
DA:172,0
DA:177,2
DA:178,2
DA:180,0
DA:189,13
DA:190,4
DA:198,9
DA:200,9
DA:201,0
DA:204,9
DA:205,0
DA:206,9
DA:207,6
DA:208,6
DA:209,3
DA:210,2
DA:211,2
DA:216,1
DA:218,1
DA:220,1
DA:222,1
DA:223,0
DA:225,0
DA:228,0
DA:231,0
DA:232,0
DA:235,0
DA:236,0
DA:237,0
DA:242,0
DA:247,1
DA:248,1
DA:250,1
DA:251,0
DA:252,0
DA:255,1
DA:268,0
DA:269,0
DA:271,0
DA:272,0
DA:275,0
DA:276,0
DA:277,0
DA:286,0
DA:293,1
DA:303,0
DA:309,0
DA:310,0
DA:311,0
DA:312,0
DA:316,0
DA:319,0
DA:324,2
DA:329,2
DA:332,4
DA:335,4
DA:338,4
DA:339,8
DA:340,8
DA:341,2
DA:342,2
DA:349,2
DA:350,2
DA:352,2
DA:353,0
DA:358,9
DA:362,9
LF:105
LH:65
BRDA:70,0,0,4
BRDA:70,0,1,4
BRDA:85,1,0,2
BRDA:85,1,1,0
BRDA:97,2,0,0
BRDA:97,2,1,0
BRDA:114,3,0,2
BRDA:114,3,1,0
BRDA:126,4,0,1
BRDA:126,4,1,1
BRDA:142,5,0,1
BRDA:142,5,1,1
BRDA:148,6,0,0
BRDA:148,6,1,1
BRDA:148,7,0,1
BRDA:148,7,1,0
BRDA:148,7,2,0
BRDA:155,8,0,0
BRDA:155,8,1,1
BRDA:155,9,0,1
BRDA:155,9,1,0
BRDA:159,10,0,0
BRDA:159,10,1,1
BRDA:169,11,0,6
BRDA:169,11,1,0
BRDA:177,12,0,2
BRDA:177,12,1,0
BRDA:189,13,0,4
BRDA:189,13,1,9
BRDA:200,14,0,0
BRDA:200,14,1,9
BRDA:204,15,0,0
BRDA:204,15,1,9
BRDA:206,16,0,6
BRDA:206,16,1,3
BRDA:209,17,0,2
BRDA:209,17,1,1
BRDA:222,18,0,0
BRDA:222,18,1,1
BRDA:223,19,0,0
BRDA:223,19,1,0
BRDA:231,20,0,0
BRDA:231,20,1,0
BRDA:235,21,0,0
BRDA:235,21,1,0
BRDA:250,22,0,0
BRDA:250,22,1,1
BRDA:250,23,0,1
BRDA:250,23,1,1
BRDA:269,24,0,0
BRDA:269,24,1,0
BRDA:271,25,0,0
BRDA:271,25,1,0
BRDA:275,26,0,0
BRDA:275,26,1,0
BRDA:291,27,0,0
BRDA:293,28,0,0
BRDA:293,28,1,1
BRDA:293,29,0,1
BRDA:293,29,1,0
BRDA:311,30,0,0
BRDA:311,30,1,0
BRDA:332,31,0,0
BRDA:332,31,1,4
BRDA:332,32,0,4
BRDA:332,32,1,4
BRDA:340,33,0,2
BRDA:340,33,1,6
BRDA:349,34,0,2
BRDA:349,34,1,0
BRDA:349,35,0,2
BRDA:349,35,1,2
BRDA:352,36,0,0
BRDA:352,36,1,2
BRF:74
BRH:38
end_of_record
TN:
SF:src/piece/piece-factory.js
FN:3,pieceFactory
FNF:1
FNH:1
FNDA:2,pieceFactory
DA:4,2
LF:1
LH:1
BRF:0
BRH:0
end_of_record
TN:
SF:src/piece/piece.ts
FN:11,(anonymous_0)
FN:19,(anonymous_1)
FNF:2
FNH:2
FNDA:2,(anonymous_0)
FNDA:4,(anonymous_1)
DA:12,2
DA:13,2
DA:14,2
DA:15,2
DA:20,4
DA:21,4
DA:23,0
LF:7
LH:6
BRDA:14,0,0,2
BRDA:14,0,1,0
BRDA:20,1,0,4
BRDA:20,1,1,0
BRF:4
BRH:2
end_of_record
TN:
SF:src/piece/pile.js
FN:5,(anonymous_0)
FN:15,(anonymous_1)
FN:19,(anonymous_2)
FN:30,(anonymous_3)
FN:31,(anonymous_4)
FN:32,(anonymous_5)
FN:38,(anonymous_6)
FN:42,(anonymous_7)
FN:53,(anonymous_8)
FN:62,(anonymous_9)
FNF:10
FNH:4
FNDA:4,(anonymous_0)
FNDA:0,(anonymous_1)
FNDA:0,(anonymous_2)
FNDA:0,(anonymous_3)
FNDA:0,(anonymous_4)
FNDA:0,(anonymous_5)
FNDA:2,(anonymous_6)
FNDA:2,(anonymous_7)
FNDA:2,(anonymous_8)
FNDA:0,(anonymous_9)
DA:6,4
DA:7,4
DA:8,4
DA:9,4
DA:10,4
DA:12,4
DA:13,4
DA:16,0
DA:17,0
DA:20,0
DA:28,4
DA:29,0
DA:30,0
DA:31,0
DA:32,0
DA:35,4
DA:39,2
DA:43,2
DA:44,2
DA:45,2
DA:46,0
DA:48,2
DA:49,2
DA:51,2
DA:52,2
DA:54,2
DA:59,2
DA:63,0
DA:64,0
DA:66,0
LF:30
LH:19
BRDA:5,0,0,0
BRDA:9,1,0,4
BRDA:9,1,1,0
BRDA:14,2,0,0
BRDA:14,2,1,4
BRDA:16,3,0,0
BRDA:16,3,1,0
BRDA:28,4,0,0
BRDA:28,4,1,4
BRDA:35,5,0,4
BRDA:35,5,1,4
BRDA:44,6,0,2
BRDA:44,6,1,0
BRDA:44,7,0,2
BRDA:44,7,1,0
BRDA:45,8,0,0
BRDA:45,8,1,2
BRDA:51,9,0,2
BRDA:51,9,1,0
BRDA:63,10,0,0
BRDA:63,10,1,0
BRF:21
BRH:9
end_of_record
TN:
SF:src/player/player.ts
FN:6,(anonymous_0)
FNF:1
FNH:1
FNDA:6,(anonymous_0)
DA:7,6
DA:8,6
DA:9,6
LF:3
LH:3
BRDA:9,0,0,6
BRDA:9,0,1,0
BRF:2
BRH:1
end_of_record
TN:
SF:src/round/round-factory.js
FN:3,roundFactory
FNF:1
FNH:1
FNDA:2,roundFactory
DA:4,2
DA:5,2
LF:2
LH:2
BRDA:4,0,0,2
BRDA:4,0,1,0
BRF:2
BRH:1
end_of_record
TN:
SF:src/round/round.js
FN:6,(anonymous_0)
FN:11,(anonymous_1)
FN:16,(anonymous_2)
FN:30,(anonymous_3)
FN:36,(anonymous_4)
FN:40,(anonymous_5)
FNF:6
FNH:4
FNDA:2,(anonymous_0)
FNDA:2,(anonymous_1)
FNDA:1,(anonymous_2)
FNDA:1,(anonymous_3)
FNDA:0,(anonymous_4)
FNDA:0,(anonymous_5)
DA:3,1
DA:7,2
DA:8,2
DA:9,2
DA:10,2
DA:11,2
DA:12,2
DA:17,1
DA:18,1
DA:19,1
DA:20,1
DA:22,0
DA:23,0
DA:27,0
DA:31,1
DA:32,1
DA:33,1
DA:37,0
LF:18
LH:14
BRDA:22,0,0,0
BRDA:22,0,1,0
BRF:2
BRH:0
end_of_record
TN:
SF:src/round/sequential-player-turn.js
FN:4,(anonymous_0)
FN:9,(anonymous_1)
FN:13,(anonymous_2)
FN:14,(anonymous_3)
FN:15,(anonymous_4)
FNF:5
FNH:5
FNDA:2,(anonymous_0)
FNDA:1,(anonymous_1)
FNDA:1,(anonymous_2)
FNDA:1,(anonymous_3)
FNDA:1,(anonymous_4)
DA:5,2
DA:6,2
DA:10,1
DA:14,1
DA:15,1
LF:5
LH:5
BRF:0
BRH:0
end_of_record
TN:
SF:src/space/space.ts
FN:9,(anonymous_0)
FN:15,(anonymous_1)
FN:19,(anonymous_2)
FNF:3
FNH:3
FNDA:18,(anonymous_0)
FNDA:1,(anonymous_1)
FNDA:1,(anonymous_2)
DA:10,18
DA:11,18
DA:12,18
DA:16,1
DA:20,1
LF:5
LH:5
BRDA:9,0,0,18
BRF:1
BRH:1
end_of_record
TN:
SF:src/utils/find-value-path.js
FN:2,findValuePath
FNF:1
FNH:0
FNDA:0,findValuePath
DA:10,0
DA:11,0
DA:14,0
DA:16,0
DA:17,0
DA:20,0
DA:21,0
DA:22,0
DA:23,0
DA:30,0
DA:31,0
DA:36,0
LF:12
LH:0
BRDA:5,0,0,0
BRDA:6,1,0,0
BRDA:7,2,0,0
BRDA:10,3,0,0
BRDA:10,3,1,0
BRDA:16,4,0,0
BRDA:16,4,1,0
BRDA:20,5,0,0
BRDA:20,5,1,0
BRDA:20,6,0,0
BRDA:20,6,1,0
BRDA:30,7,0,0
BRDA:30,7,1,0
BRF:13
BRH:0
end_of_record
TN:
SF:src/utils/resolve-board.ts
FN:3,resolveBoard
FN:11,search
FNF:2
FNH:2
FNDA:5,resolveBoard
FNDA:26,search
DA:5,5
DA:6,3
DA:9,2
DA:12,26
DA:15,14
DA:16,14
DA:18,14
DA:20,12
DA:21,0
DA:22,0
DA:23,0
DA:24,0
DA:29,12
DA:30,24
DA:31,24
DA:34,8
DA:37,2
LF:17
LH:13
BRDA:5,0,0,3
BRDA:5,0,1,2
BRDA:12,1,0,12
BRDA:12,1,1,14
BRDA:12,2,0,26
BRDA:12,2,1,22
BRDA:15,3,0,0
BRDA:15,3,1,14
BRDA:18,4,0,2
BRDA:18,4,1,12
BRDA:20,5,0,0
BRDA:20,5,1,12
BRDA:20,6,0,12
BRDA:20,6,1,2
BRDA:24,7,0,0
BRDA:24,7,1,0
BRDA:31,8,0,4
BRDA:31,8,1,20
BRF:18
BRH:14
end_of_record
TN:
SF:src/utils/resolve-piece.ts
FN:3,resolvePiece
FN:16,(anonymous_1)
FN:28,(anonymous_2)
FN:34,(anonymous_3)
FNF:4
FNH:2
FNDA:2,resolvePiece
FNDA:0,(anonymous_1)
FNDA:2,(anonymous_2)
FNDA:0,(anonymous_3)
DA:5,2
DA:6,0
DA:7,0
DA:8,0
DA:9,0
DA:11,0
DA:12,0
DA:13,0
DA:14,0
DA:15,0
DA:16,0
DA:17,0
DA:18,0
DA:19,0
DA:22,0
DA:26,2
DA:27,2
DA:29,2
DA:33,0
DA:35,0
DA:39,2
DA:40,0
DA:42,2
LF:23
LH:6
BRDA:5,0,0,0
BRDA:5,0,1,2
BRDA:9,1,0,0
BRDA:9,1,1,0
BRDA:11,2,0,0
BRDA:11,2,1,0
BRDA:13,3,0,0
BRDA:13,3,1,0
BRDA:15,4,0,0
BRDA:15,4,1,0
BRDA:15,5,0,0
BRDA:15,5,1,0
BRDA:17,6,0,0
BRDA:17,6,1,0
BRDA:18,7,0,0
BRDA:18,7,1,0
BRDA:26,8,0,2
BRDA:26,8,1,0
BRDA:29,9,0,2
BRDA:29,9,1,2
BRDA:29,9,2,2
BRDA:35,10,0,0
BRDA:35,10,1,0
BRDA:35,10,2,0
BRDA:39,11,0,0
BRDA:39,11,1,2
BRF:26
BRH:6
end_of_record
TN:
SF:src/wackson/wackson.js
FN:1,serialize
FN:5,countRefs
FN:23,(anonymous_2)
FN:48,deserialize
FN:53,gatherIdsAndRestorePrototypes
FN:77,replaceReferences
FNF:6
FNH:6
FNDA:9,serialize
FNDA:526,countRefs
FNDA:661,(anonymous_2)
FNDA:9,deserialize
FNDA:225,gatherIdsAndRestorePrototypes
FNDA:101,replaceReferences
DA:3,9
DA:5,9
DA:6,526
DA:8,288
DA:10,47
DA:11,47
DA:14,241
DA:15,517
DA:20,9
DA:21,9
DA:23,9
DA:24,661
DA:25,288
DA:26,47
DA:29,241
DA:31,241
DA:32,18
DA:33,18
DA:34,18
DA:37,241
DA:38,70
DA:41,241
DA:44,373
DA:49,9
DA:50,9
DA:53,9
DA:54,225
DA:56,116
DA:57,6
DA:58,6
DA:59,6
DA:62,116
DA:63,27
DA:64,27
DA:65,0
DA:67,27
DA:68,27
DA:71,116
DA:72,216
DA:77,9
DA:78,101
DA:80,101
DA:81,201
DA:82,201
DA:83,15
DA:84,15
DA:85,0
DA:87,15
DA:88,186
DA:89,92
DA:94,9
LF:51
LH:49
BRDA:6,0,0,238
BRDA:6,0,1,288
BRDA:6,1,0,526
BRDA:6,1,1,297
BRDA:8,2,0,241
BRDA:8,2,1,47
BRDA:24,3,0,288
BRDA:24,3,1,373
BRDA:24,4,0,661
BRDA:24,4,1,297
BRDA:25,5,0,47
BRDA:25,5,1,241
BRDA:29,6,0,106
BRDA:29,6,1,135
BRDA:31,7,0,18
BRDA:31,7,1,223
BRDA:37,8,0,70
BRDA:37,8,1,171
BRDA:37,9,0,241
BRDA:37,9,1,176
BRDA:54,10,0,109
BRDA:54,10,1,116
BRDA:54,11,0,225
BRDA:54,11,1,125
BRDA:56,12,0,6
BRDA:56,12,1,110
BRDA:62,13,0,27
BRDA:62,13,1,89
BRDA:62,14,0,116
BRDA:62,14,1,116
BRDA:64,15,0,0
BRDA:64,15,1,27
BRDA:78,16,0,0
BRDA:78,16,1,101
BRDA:78,17,0,101
BRDA:78,17,1,101
BRDA:82,18,0,15
BRDA:82,18,1,186
BRDA:84,19,0,0
BRDA:84,19,1,15
BRDA:88,20,0,92
BRDA:88,20,1,94
BRDA:88,21,0,186
BRDA:88,21,1,101
BRF:44
BRH:41
end_of_record
